U2FsdGVkX19fTms3OENxUsbMq7xBkgY5YlvLEdTDY3m4gQ/EWlsGHLwddrRprrBL
MVwHaEXTg1HeRd5jcfwdEXwwkjTnhchqeYHCYI9a36vPOsOdk8ee6oVyRejh7GAz
JH1ExAUESuGPuZWTQI0rP1hsS9ApSlScS0AxSTpdzZF3Um4RjTJDqeblrEWGKwe+
scIso7QLL/2JHeKTLfe5fB9ZJ0lKO3jmRLGY4erJA0DBTstADeGv9uXpDav2X0Rf
fREhaS7C9jpt36dlqdlZv5MWYt0zVsIsX1dEOkhLHdYVSq6lZR3oRTzfWx50JwKn
EZYvrKvy0993ukz6Y2/tzucWMG9/Ht8upSRzikl1U/MZ2/BMyRJnIJsbPDWlhz+l
1ixQXWI++KyVfKDZZ+9jR9ABj0O3eVZ6eQ+2X9YjclUcHgohJ494NUTcMcDly9N2
pwJhQy1d0GXzyVQJKjndU+RNNuAVJPHl8FR5Cq5bG25Fdm+YPBw9Ty/7pf/pR37t
g2Z/kFPR2SGUOk5UpPtihkGoJKDImvN2jL3O2wS27SMlCQ8OBFFNaKwOxKxP+Fnl
46ivQQzTW/81VT+Hu5W+Ljdcim+MlC6RMlClI+m69JFUzsNzkNV0BdGjaOPBLn+4
m2ZEH8fcza/L6C7R8aJ4KxhokklCVMENsnL+6WnN5O06QHToD13QzUbKlBWCFKEz
dtEYDymtqj+7MLI9WHAIiNKzNsimiPceTTaysvcIDoTLyAH2WP/nOh4RyHxyflrh
jM9+Itc4JVq8fBZL3ckZVTFp2Xwril3TattBZ0gHs37KwzKm3tJtRqCL3Mv+xvzN
XRBqsm6rCl38k4MokqX6FXgNkDUvQdF/ftT1ufyjneqm9WC79ifIkZJGJ3jPE4AK
AlVk6M/GLvfOTRrCiaOBTXfkfE4lhKOAQZdkFjUn5HwM4aAW/MrnGKfbJVfbPVZ4
st4SEvkeH0GzBe2PiYv+4+Eq7YjAQlGK4xyWDvKvRvCogK67fUVkuX/jlBCldsU4
mfYhApwhooRF1emN/JrFidu2aU/0ggurjtS6F29UjOQ33yTCb3KkMJdNek4BjRLo
Ftu5L+z3hjLxgY951nv/H/DqfxMxMhpdybI1WdYp00rxJ9j5UuQCz0Nc8D+h/LE9
Dsh/4qPa47nx6fqsxaXIK+vkzyeLf41Uzeq7EHluC1/m9WST3QS09g8LxuQ0vPxw
h2HVa7htY61PTf5iJ4oY7/dtypA+rX+ivJE2PtVRFesskwWnzvAFBPJ1o/WOnhiR
RRTTkHbFOMLF5BSCHLhFoGXUxhquWqP37CwZGKn0rglYf0/I3hXQVTcmAUmny27P
3vtayvu0M03vKVo0e0gAvitNv5yfB2beWEDnt3hlEeKp0tnO1cirVA5T8JcqXH/8
LXxz2y4QGimre7JRRD2yau56wX+Ayih/DombdHJnIh1bsYiGLPQSFxiw2Zyc5hfp
+SimxHgQ/kFTw78v2uivhSwtvScY9my+u82IEWezGziGIEOtuVDQ2AwKzM9m5h6F
wTxg/A/NCxvZxJEipF6Fgq13V0mRqhi9gbVRBgXoiOxOE5GRj9GPinPJwfYTeJJ2
PRLFFSHhVVHvNmgrROyJYckn26iNmpI8jCJeN2y/6KY744jod7kiRh4aLlL1701a
KhVWrxd6WDmVMEz+WvvBA+ZLC+eHT21D28nx6nIXdI92GEB+eaHESwo+vb7X8VhM
uuGAYmLyZlhPhxiLuAxv+UmW8kDiKaxkLeldJ0uXajc38dM0mA5h+7poQRMBaaHv
7TuVCS9wDAu1Cvx5mg7qMBn4DDC0AmT1CTB5I3z2wumOQXy7BUAWJIfODajDswt9
wtcn4iudu1WhQn67751p/KBZe96Wz5ErtarOTXerPGmvhsSrYojHVaOLEJdzhxYF
/LJnC/wP305djViVmycTx9cvzarNDPAQgp8CbgvGd8w4T06EDXfo4Kepp+4EUt7z
tQL4vJAj5Q+I1Lyi2kz9FtqF4MQRsNVAXKpmKkcU7fmfCIeequU6M8nKobx2n1gf
PRJPDpkQNaG1ICLDEJDKtjh+dH4XseA2/eYdSZ90P2UF8h2GbJUOjZjns3ymSCFg
Qk60k2Ni43FEj0UfUET5naCQlbBLztWcMIj1NRsp6UI2A/TKyduH+VOBWhAFUknH
So+/LyP0KtPG5bfiqi/fBJlyEcZxy2j+na4NA3b6UDW1MaFZ0zoPNGELTaye1kcJ
G7f5QTQMWDlQ082AmJsdyOvckYQ34xOAb4bAUNu7kS6RJk1RkJf1fy3pum2kcTbp
owuuEpZbudWtMzUyeyKacr6FDi40PchX6EBEfm11YR1DEzulXYnH+KC9x1APo7DX
B6Ot7yk1y12HHCgdVSxWWjtrxXISjKwLpZoJV5C5jIr0M1AhQNs/xAOHOPlQPqkk
OfkqQ02nza/R04V45t2hty2vzUgBhb6+5cuXXtOXVmyikZmwtAoaq4B7xY3IexIH
yH5JtT76PlVIPtJfn6Dq0xJ1bD3mzRiwRYH+RpwNN44LB7fCNYd1TOSRhncz5B7Y
NwHSliuzVL42duTZ78CiwCRUdnrImN+CVG5KMtwSVvVi3wD70fZPLXmestfhoVqF
IIx5Ka5A38LWdEq7j5W0i5k14oH2+RoNkUY3OxPRtGK5WA1reU/YU1jsPcQXStQU
He2p+r87TXo36QlKlqZW4p17qjLQMMuJtj/w/N766lJFxRaMzQfCe6bYJhTBe9VZ
5tBSt3lsYvThCabHeBLowl3gVoiEhnFUvxGRVjlmMnAHqIXTQLFCX0j6sCGOmALO
7QdfIbuQDg2PI6J5AQAua++/3l3Z19a6rBUROzrRP6xE1u4CiY2Jbi01w4Po5q2n
dRrN3cjXsMu7gqDqrano9s7EKM2YL1tQP3yV3JvOUjDs18eZO+A1BNwuu1Xd6Pit
IBrJB5EZsf/ogZQpx1J9MKihCh3cxWYqI/OkyA01GwC2rfkMBXWAhRY6UmiEMj68
3z8ybusj/sYKvF+K16SkQgfjRmU712meKAQGl07UULNDBqifhg/M5T3jdvUWoueH
Ln7xlCfzeYUxyj9rudT76Bk7E4QV3DvwoSO9eLv72kMqlD5DRTR39/ZEErVVx1Hr
nY2c8NrL1tTV8S0+ua1YgLqbpJK5XT4Y2+j7hfq2HsgtdTaAz/Ym07HcV3BnQb5y
w/NYw7CZbEhkrdZzMv6RsT19iDO3HQyLlSPsTxfYaTcBIFfTIIfBjzSk9UlssO61
qdZgJXD4/j6OMwciSyDDBlDilbzRL4jxIv1OPTPUKxkX+p6/lTN6n/kLauxm2FLN
eWRE1PSz1Gb6yU+PCNwF7fbnWJDgo0ynYazqX7tHjvuSGXhV2/7/P7N1NlEJwYnm
ux7+Nar/wZHB6ArQ39npISJh4gzfip5Ia3A+PZToutYAXaQA0a75g9pewzpPMpTN
wK/CQdEUx9/e5nI63GjiOK6nuvZJxdFLJOyF2FVL9vcV5qSzcYtPcdVo4tkmNamt
bGqe2i8wZk/jBgOZQdiT0ScnPX/COQQ/kWhpJbIiIt36hhAiIPl22nAr7pXoBMSM
3GaEBoEBzk+gPwtBg+O0DqUmHG6MrNpUQOb6yRIe44gJbTF3mIguF5smoG/SmirZ
hr+hsb2AKIeqEynHi22mOIafoy7cQgrekznzLFJ+FbGuVhyg1Sbw2khAyIB2mkXv
ffCN0hSasz/QHFnNUGs6Kn8KS0kqaEiwF9EDIDvR7SE+pPIZOrVy7ZveBKba0fiw
BM9nz+XgAzmqqmLiPMHHlylM/aXdaS1yGf5kDDToKy+tOcFATyffvAqpW8BkenBw
uYQByKn3UrfbMQiB5z0AkRnHdccoA09nXoFWRzUARY8vdOnM45Vf5A4bBmKIEPQU
qUT4aWlYufEIj8wmMnsZt5DrLaktlf/1gAVGHLiaK/jzHyZ2QFN6xKA+7mQsHMPE
QxEydCdsSLl/Z3t8oIv1v6DA98IiXzjCoiosuSxvUXciCryVFQfGsxylzhsFQ/sS
gNL779uzuTrkvPR/kivSgm8NEGv3MORVBgnSDFHLR54Getlx6BTCUgWZqRzPSfsC
SE3+ebnMHKXlh6b4kgv6VuFk8kGd5mYbd1Ufbkc1uQurjrlJ246Q7udHTbVblnZ3
KGVkhhhit3sw9lWMtW6rKc3CaBePFjwC/n1XZKlIesqi3Ns1cmKD5wPXH3KJWjF3
ty00SiTH9vcCWP+4PjJYyS8DKJSLxHCEYx8tDWE22nCmzrhwsI5b8HYAxXBz5MhH
tztj/UZ1HgnuaGnu9NAsJQcGAk1iK4TxPl5GedgEct0U5q7iZF173cfa+1fM5s9J
E+nDMH78d1nwsHLr8DGlFdKrGaoch4OdJ2vrmVu6KWkBr+qjleukxKAJWbf6HF2R
pzdoYnydIAj3G/UhiDzAwPcEQCoyDYZKBn2luqSfloHalmwIt9DRrtDznHRPO0zR
vCeVPwKSQ3dFwY4RTAHOGf2SkmMXOmtpAycsdjaxSYNZiqe8pYWepnok1ovYfNzH
5iKKuOotOme6aFwtsMa7S6fmJAF03Hh1TFPATH/d9i0RzUA9DVXE15SfaarcSDap
9eHhDkQYUwwk0eZyFv6zs4IB1JQxRWFOqQDibc7X01ADTDA/zUYxf1X8iRop3HOk
xyNMJmBn6hLr5GTuveWPhmWlWNTtiYdK/szai8lQuKTSwe0YobAw3V6irMcFYTCJ
z2sZzklSmDK+9HlunnyT6HfuMw8chhcHwFpeXhSGW0TqYFtHNqBMny1wzEGAyLcZ
7Vf4CDVPrgQYgwzvwjRscB02m4n76HwG6ZODewlmK5FkgW418C/SVaHW/1uhROtP
1BFCM8pWQYo0iffVzPXUE7+E9B6lV6pvzlOorfANUykwiY+FkXwy15cAuGsbnukl
BD7JNjRoJIRBB5oS65MKgAFAW086UU24tsrNyIP0ZuOSxnjX4RqKhD5+hg9IyUd1
tisFkoe1f61X0lu9PYQ1t/jWCEQgBjnSqA8b5jH111fKlsnZPyXeyNx+xE+SKjMy
UUnRaYnPVMxJKHV8W/czxufhQW6HGvrDoxeTsPonXvn09BITfdtTlZVrBq9KoXMI
MGkx07Qdd+/Ny17uZd2hUDFpoDbKhaPg045QrT3iLz1zEH2+oXeBNBlbJkFUYi13
9647KBggKulmMSzTeTmSUP61LFU5qkYOjvkUkyHKvHeZ8vgLva9JeFrb1aN/ETfV
lLNt2wiqhdoCsD6Abx5wP9HBbOjhzdsgzcYCkVpjBcNQxKWpFyj7E9MaetiIrb5C
FeBpX6JF0qakS1h633mURb1j9QD5ri8EGA5w9vGt4nZdGzuJ7s8fnkwIkgMWppgQ
/6OyKGtZSCXkSrlkmdocxDKS/v1PHtDmu1en1DL24pAySuLAJWEBfcKiP75SYhzD
oGxFAa4nhYDHA3V6Zx7JmpgwDHt5NNjP49BUImHHcsDlJZEIaacGSmwM+YNe2Atu
UmmTHg5rxQ6ntip/7WHjDl+GvpIOOephQ0X3c40yQYHgUPEYRfUC0m2/inqkBGBs
XW+pOhSGtB4Kv/Dmup9/njjPl/8Mfp124/9djgVnzsIv5/F9kGbW9DuzDBHmR2+T
zwZwswGJ/Hw4vubVNnMl064HrNybeGh3TVoiCtN8f0VlW68r65Mqe5s+tuibZysG
rb4T25WPcpOypWQEWqrgDNJk5QFsqrAlyhGHvqy03xdmSuJZS3ONzdUbBFXy/vvd
C5X0L0kKsBf1v/adxXUtMLaxzAAY+aAdytOiUD5/DsJb50n/tynUci5GHCEChPIP
zPqppkSnIiDolrLaLBVDXTnht0Qo2joQbAuENCzrlRshqKsIKgQiqTLMsO9PvYcw
r4NCffGj9y9byOiAZBry3IyuKDV+n6NuAyaf6/LG8lPWnd7zY8VS0fVwroH2mnNv
T4LA2kJ8Tp3dXfA6zA7Kg73y9MLu4RJsEDWR4h07/wNBiTQwAbuYTs04M8G+8COd
BS4tcuydFXpdihJTl+6q6WfKmwWQmae4qNVa8jxubt0hEaA9EMJuWiEoXoMqTvFM
sNmDUc0SjnlXqCd5SnZLHcqdekxUGBmiIHcQGZ2W4DInWYtvu8g9HMPcXIgLG9k/
NO73V9b/aeyzjTqn9xouFCR9RMQFBErhj7mVk0CNKz9rOjWJa0Kge6SsvckCMU+0
6fQt+JT84Jno/8gJzSs4FdCcUiuOBCCvbnF1Epqylo1T00AAAv5XuuuIMTM0kII5
qtmZsh9IUelav1Vvy7xK3ux7S55eedIdI5rgO7JQ5H3a9iHuD7HmJeQ7B/yDMVAk
/cv6nQVabDMt9t/Ad1/GiYu8NUnd7ET9g4TFj2CT5VP8GeVxl1RXWNwzvoSHJHyG
GMm1J0jFYCfdEaN1bIfOhZBXjQgxLYIp3M+Ch1e44Yuo3CTjEwm/UdtiYP/HXM8H
NG0Bu0GiB0JxYZ6jhdF0csTlRZgKuH6ZCcUHIzPSemaT8I1cwc2aN2IDrj3hV8ot
njekH6C2epaBnzZ+6fdR1iIzyKkUU10dqd6kYZ0Jv8PB2p1C5JyrC6J+jJuldH0c
IkjEGxfR2d22m1A0prCd71TKFmflIXiKnqhfWcJVLdH2hc+cuI+fHQnSs8DTuXik
LsjaORsUdOEs+HC0Q1vbxvQZwfZFaqKIu0ku4JjTlV6ueQWnpNjl+7rZuv9EeY0S
Ry/bQO97mtmP9T1zahyEQkQ0Qwofo1CSdzO8Yj7Z9k3Ij7aqisxVF42BfX8zghJ9
L53fKQwp7Jg7sHpJuwXDl0DmaXXZ4w38aS8zBkuoMJx+bWt4QsnqE9lML+L9FuYQ
is8SIViwy3K6sMJgrSKyCIQZ95WZ9/n/6K0f3OW0l8HvkZoHLQml+g2S0mr7iBk8
7o5kynNLqKohRhYcujfMptslmGw8YaM0shCObykRvS/9AkWmliX2iNAUkMUiggDr
D1n9RdK89xC6gzF3VphmQc2FIu9WV997ioVVPd2QhGkDH8eh0gO92bgiGw5fRe2S
O1ZZw96DD2+XAc+Ird8ofDzZ7MLAfKMxeoBjTg/xhjFYcOrfhIVAQOvmRr+TPt1B
SrHEG/FKKdcOWvncUCQMzku9oa1sK0gtS87LtTS8K6hX9bEsozFbPiK0Ea0RMFeK
+F/1fC6Y8lHEKqPdWZoGiMb+hHfk6GCvbiap7hVhCDLE2EP4BTNz3jJUFh5nLUGE
VUgeq/hjX48/LTc9emdR52N5H6s8gyCW50UEYA1Y2jqK5yI/CXzUWao6oqN8fwjG
zgqKgLJM8i7fbCR545lWEFVxyfL8EgzkE5R9iBg6jCxId5zO5A02RbvOp99QyLGk
AwiIgo8DZt4RLfPsgtoOuVm3bFRTpYVmG7BiTHKoLNi3/SnYQktikMHfhTK+9nXr
MEv2hTEBlGjjAgA0TcFLIF65BGi7aC9GkcxpQwNXb72J2RFrdzQeU659yMYinJ+8
RgLHT6Xma7wNk6VdYPaDWwRZrLSw05s+5sZzq9IyVtSO4cwJ2oOhwn9zKWDyUu/0
wYizjj1Q6nQe8jaVmMGqW1jy3my/97s9wVx3ZWjtpX1HaY4zirhrFOhzu5iAHVyf
23Wad6TGnmk/czCmR5s8Lt2p9LFstAoNCGkDejeJGlWzfUenOJC593jdpW/2AJXl
pX3c1j8v/2pc3CSigsIM6x7Ui6eSAO5lZFCnAi/SCQy8TbmsWXxu1SQkSp1Mp0cQ
/aXennekNUzqUbWzUm9mI9FpCJWU52gS+NMImdWy7KGC7/VVZgdxGzAyXhSCXNG4
8LNG/0aTtxefDtuQjbuLV2+hOtyCx37oDh5bEzP0QyhyIHLlSGHvIVctNVPcGt0l
40kfj6K3CTy+M/28zX5qBsYGCDPyJ7xPJxMSkAVsqxFpSpwJncH2DXp/4COY50uO
9jljZdLPWSFpvj2C0m6QwWDqcDv2zsdlPrIpFsJbqAHG+6lk98s/K3+Zv0h0b+p0
lrPYcx5sHVVHM3MfU/ZMUXOKVdcXW+4VsNX3DVojJd1NPEXTzM02HF5eczb/uMTD
JH1ExAUESuGPuZWTQI0rP6Tr++/1zHr8fmZ062uH0ai4BGIrGnsCWW6VMBQf5fH/
2Zd/A5q41XgrLf6xLMTyucUZ19ysDRsMlPvoBLTX8nt3UQ62ahy/qjR725Jq+JSf
YCOTGZgbFbUrpFq//h9YdK/Me59b3qDS3SFj1gqUDSyHzWeNaj/2Mme3nL8kAF8p
kGEfVD5J+Np7cEVpuEdXe6I+9t0rcrrd4pE0Ecj0EQGZg3r/u3uma03IJ6P7yqnR
C6cDVxDif4QJCie+3Uvu4gKWJi+Vcly+xlVelRDtyF3D/OrHlawoctgA6KLkTtbd
K5Sahzv5AVdaQPHysX+lS7WczLtWkh9+yNSoZN2zGyUamooi5nKhwFa0S0uustUL
ftTPWhZjknayLBTgnIRLsJDFdmxVhCggOxUGNugm6x4gvysAlsnRZBOZ7uVaiV7W
37TCfGuRGrEiO4/zi+0NqNcR1cnR0LiMIoxtqdjO9jh+AXT2XddZ8kVeLwj66yAZ
VVUygZgBfaOTghE7+o9cyNh9qbDeGn6Z/oW91lv3R0uKF1oNNh4ryULxJ+Y/98/u
SUgFaKda9I7SIrwttp7eE06Yjp8D3+0JBv+g/OEfEwGyBKGwUhsnPxMKIz/hjHTa
khmJQQfKvc8TwHAwcS6x+eEDEOdEChMvz4S/2pbMtK1Zk1uvzdvfZvHOvuL5JhXp
uy9EopipETJ07nohlqYM7RzjeskF/hiQEQe7ON2i7NzKchokyO+LWTa7wL5T7INz
85sB33vND191G25v6yGqLCnX79Z9qwnAE8x4HdZy9Ed7W09iHo8sVjod7nGYyVYv
IbQ/dGjE4yUu8LM/cgWcmZiPPlEsec9WUO3RvhwEBlrFonjF6PXZxAd6JN1VOIZ2
r2krrsZ9gbmJu5y3tS/9b1iEWqMI60ElPx2jIz6WlEOGINaK/1+zDEynBtpcO5pH
TvYUePZYRO0wK/oLmzvdwpKtIC1ZmIZ408QmY7W6aQBH96YGmK2vM7TnmvzwOpeV
nJdcy5igiIjg0ZE1VYQYvzhrAm4b2CjmIf9SVpsPZk+jv/tlBt6ssCmIYz8lvsFM
nUpoiHQrJTzeL3A8DiXaU7ao2xpipqYshje7Zj+2XqA8/6d7S1yklRMY/M4qNUct
5OmIunjxwswEI7pMUUPYl21CwGnDm+3Bi1W/pLCWqmfAp0Y5xlExe4jIpHRQO44a
Ic8JH3tdfkrckQqyyffGZVY00PCVAP1zKN5+XWOSj2uG/q96Ez4om77WvlTxzzAG
yp0a8I0PkuYgmPgOtSE0uqs3yIov9Zo3dBItTZoqkacJqbPahfwg6aJsFHPToGL9
FJhz1ofU8bJ4NyccGa+3qqaaTu6tHaEFmkw/dP2NX5NpjNokdNVbl+58Ep3vNSNn
6HIaCeB/VEygoR1l6pFwx8px9tbLawMWXNGGI8pOLLiDtNpEdK6mFucXoJ97Ill7
d9eya12SIfkhoJSGmpLah4OafBQIa0vWVB+iDoenjI8t0vMT1qGSVJGi55C3XpEW
vZpjvMXjc59m/Oi7ag2Vq/S4eYt9mvJkg4fEWpWMjfalnZtCbg+yuQajsDJwIqO4
oOlvjzDdutldZ3GGGpybqnmX9lJ98oo+9dukCT6k3AMJ7WVErZkbYsafICCCamZq
X3oSRJJd9BKmJjklRgfq50aR8Uw/CSJfB8Ji4kYiOMx9cIAaGq8mD5ci3rSEoLGE
9E1LqlONlBeuhzpLStM91gNlgKQ1e9VpyY1dii8oZ6v2n3sxXB/jOTIvmyxzkl2f
9VNCcJxcRzpQkm3b7zVJ84kS3swDe0RtRsPjbYzNAaV+ExyJ49Uf5p3PNqU28wIy
zkUmeyEmNSyb/5E4mLLgBGeWCkUVImbRyaqy9q1fOCquBNE0ubNtywnlnTFZ/uuD
eSLsvlhdn8Q96u2p7JpbdYRolPgohydniY+jNXUVs2qSGZvHwime8y2cepmzKsVH
0BXtzRb/uK5dQaqxr7tSUyzwsGLO5LJKBxameqGBzDSvZOPO/it/OqBHAXELj9U7
V5lgI6YmkkVhSIAP7UELuwg/jV2vsM/SNRqNhmPXdBIA/T9eOuo2Gk8RT9bDWLER
zrKX0aq8haabRXzmb9DykwGnJa+a71E2bBcE9aeCv5kktymGET/WnCM/s8cGEqT5
DHi1MtsJ9u3EkFRk6aLy2yDz93j6seeNBlZujeDGmmRSOOltOh5KxjporBuxhUBi
ZeAqFUih4/5/rMFVY/X4VTpD0aYhqkeNaNShoObuJE8/966emc46ErO/bSXVKxd2
IDeip5XnaSt4+aVKEEmvhdjfcKX1WSMc8VceWMddyi2SOzT4P7JyDl/+COGyiWCl
S2fecLL8jhsMA5gsNa6VpzCt+KY8C6bmtz+/9oWAncc61Wwyk0Vo7+PbXSxnph7s
gE22rCeY9jiH6xe1CTUXoWNI6uH6c3NRJIiPHAMhT9gXIPREajca4JtPdh4HNqMp
TUdcV+tAg/HHdqX+4oyO2lWw0FwpcgJZZJd1JV6cBio8rjb64rUxUiiMs8QpTCJy
X9wc7dEsqdwLih7aQjVPS0AgS6AEzZ+rt3laDOBE7ToTYUiLbLuQ69IRRTEke34T
U8uDCHVkfFNWIN9LOIUOpFrJrf3f20KBz6NJCRuK7evZVGHfx/fZCv6DczYb5vwg
cms69Su4oh/A5IEKCJZp+RF1WFEnjYlwFUWqnbvWgLz64BP81J3wh4R6KUWgsjE0
JoupCd1Ie3QAqzOrkk6G28iN6WrenVgJSf63vKoBnsJr7zCtMc0UBwONPBUi81Nk
fOS57kPPHx1WQrWQlZdHb29OF1AVi/oUlNYHpccTNyRbkOUjjntf4RAcvgzP+7OR
YbWzZ5YTTJI+fsyECs1tppBHtE4pJCz9VX6Fis9Kk8jr2jeMOHk8aSopHDzP06Nz
FyD0RGo3GuCbT3YeBzajKQExzFOvuNCcNYp6J0MEIzbE7KgpCGxZsouAg/yDato9
g8/AkZWUNNzLWHNLOj/VTlQhfHo4gNJcUSgz6JpqsQWHS9L0+Liqbp4Dv9OuOrY8
EkSWUyYJH/3CzlEH6KTdmQWEh6Y/hl5A/kVe/yUW2Bn1eW1xrMRn3lRGrygJjtYU
gOXSJ8GXbQef7YOv58VYd3cNdu984f5m2axNF7KJFDdADo8MbgQY66Fo4VLs38vf
z0EkUvMTg2pGCFnN/9X/j8NCGkDjQQzxyi7dQK0sWRlsvXzfJIHH+5CYjS1YA3NI
vQGLdE2PGkOWy5asogkgjKtBc07lo4ovy9AOXjGDNERbWeUDSpmW6OuCNh9oht6j
/PS1hFrTvZ/m7d4oiefOiTpsPEkL+piMNwtNELDAvh07ID7kkQMWig8Fw8pGjNJp
JCDbQofGMCY9eIhR2/IOvxbdr/bvUXI1a1uMb9kj8QVFKdO69bmcMiDZsn1uy+l3
JMY9o+vhPwFdikSEMjM7K/hIQN3qcwBpFz9+R2bMATvuvVJtKAdUvEgWqq//ST1Q
utUn11wDsJS6Lg1rIJAZKnvwySeZ4p0cpQ4IIH6YUU2Dz5JLrFiFyWLfnsXZju0W
MYzD9pDxrEzTW93MnwNzMtOVQ3v7HxPOydmPcFS5mUH3iz5sQ/SkLE9IuLiKnFQA
9Lk2+ziK+Kkv9ZC5u9kBqKKMI4wEWcRHrdSzY1y+CL0SxmsJORstp2gY9fqsurit
wT6SowjTG8GnuSF6T9WGCQ1jd8UsSt+WUwuH/V1x9eKoQnoKKRXymbUmRlOQTSN0
1+wX0brMAeQ9LGkX334w+1FJSxVaG5wnYR70jFW48auRm8PR6qdYH5KOQvHeFNZx
C9OxE2KeaTzONP+HKOpqWK6hCntzVXsz7TUauXA5Cz0MfSlQSll42j+a+mDk4SEQ
YrBm090iXprz/Mp7IXvepvB8LV4YMDGF/F0XfN4sdWjhK7If2tqhE+OUxfjA8H3A
9thMumdgnnzrCHKBNjVt/0OP4vaB2XE7WuLz7U0cY06pktt8BChhHz4HC2uj/OHu
rMVgeugFADTw/FOnyDGquShqbVXZAYM03pdO/v5fbAJdo7U1moA5/ofJE5JmTc2Z
ttXFy8wjtLtCfjYIRea2T6K5ocoJ2b6ys9vvQSMKib0bF1a69/Nwd428bG9Ixk6u
oXIqbAOlLmBnWbl5eifIMUtac0R4XoWm+KxH4xuP3dOJHDKO73PyBW+wZ3NmA9Un
gx2ZnRdnxbVo3acR6GayRgKnfUHVmdsyetF/km1xV5ep8A41BWqC3oiVZ20FpOXF
qLBcAvBCYpZnvbqxbkvI8qwVlJGfdJKsisBEa774gCj755U5ZCHj/lxBn6ctuVNo
