U2FsdGVkX19fTms3OENxUkPA4EGslGSnPE+eWW4f1P+9AAM6BXNxsd+YJp8PthWQ
XQ0X1YObIHV2dQi/Dtj0Xus2cfGfOwMVUIK02zhGSRFsdKHyos+JJB8qlg76Xgd+
u6MDTPnwik7cRXg9hdhu1ml4FV2EuFeA4inrosG74AvNy7y0nJEhgWN9R47uL5QQ
N/kgkEXZ9lhl0nQdSOz9PajY2+vr2qxDBaf/ymHnM8kkfUTEBQRK4Y+5lZNAjSs/
JH1ExAUESuGPuZWTQI0rPyR9RMQFBErhj7mVk0CNKz+nLNoGfBV8P0Lvtkmrdlgi
Kc9tb7B9DFLX65N0ZCyLg9VN6TZL9atLnlCK5zLxNvUkfUTEBQRK4Y+5lZNAjSs/
JH1ExAUESuGPuZWTQI0rPyR9RMQFBErhj7mVk0CNKz8kfUTEBQRK4Y+5lZNAjSs/
GhwJclz7UisAdNdFHScn4DRBEfsD0NOTV5R8B8zMB4Dj/44kdqjSHk3CX6RMCdvj
/huiFP3oY4lNiZXX4mI2axDD/B7K3ASYaBLcQD2DUC7DzC1E5ZhVhzok/7P2o0/V
AwzNp+v+vKvorP+qrDhZsX02Mhqm9TdFMsvxCdvhJWdrTqy/jGD23AFq3ZGh0Y9S
d3gNROwHFU/bXa4ILuazXZtzNx6/tf6aXTtKmANnaODhF8ackvSX0iaz7uul+abN
V6yS9Gy+CAjGVSKWOOXnsiT/pwbii5ea+OmWbxxPZ2DRAWFwVhCafkgRNQjQOpiI
+17KcsHKOfA9G734BcrWhnjnBN8FyonvW0txERqEiYtApSBEHN2AM5Em9ulJKRxu
gepJOsZQbTySEt48aVI4W3cFnlxXcu0c2xMvy/ZkWZ7ZV+FVG7d2PAtqtcHP+aCk
4aEjTLPelv/Al5RokZ51/EKJEicQHMCOxzF6q41Mkl1POOxEwuQUvse5HPt9Odlq
L5ADts9pVDba//DukNOqFfTtRyFTpI7zwK+yNudUaM5nmaj/pneYiZuZMqy49e70
gNlqhiMG6D+/jMY50NrhBO69C7xdrRtIwDWDqjRwbpE/nw8pd9fk5EbmY605dVO6
PJ1nqdn2d3jXoV6VpAvPpvNsC1VtdoBIDZWM/TrjSqWam7HlEcQ1ymulMKPt2DfB
p5YR63klil6x7sf4iz7HuobN1gbY8io9d6F6MNDYCO6JgZlTc90SFSuH7Upxsh6x
wTbSk8UGCBT7Pf9eqtfGcm7BoZYVwLN+TWn8smLJNTgsgamBHYGGBP4GghznQWk8
Lc93kqcBwkUqiHcj5/89sNe6eCR6mQUPvw45J+jsZLQyKpR3LkvwZsdlblC81M1z
flC0VZL/MtLAjaKzoi1MDLKz4hRybcUQEZqeaJD93l1LVPJrNkIYklMES9rVZKps
0Q7hYclbvci/ueSPlNNlBz+LIViF0W514FSLZKpdvRRXGFX6gCbtnzEv7fnveI/M
zyZedsYEuNwetETL29xr+yB7xPTQFnJreZT/rI0yKKM5R87KP6afGCZEPoJEvtDm
1VcrLJQhITnI3qfPx6kkjEPergwgjBcR9z76hAAPgl01VN1rhLTZusWB9X/AzB1Q
Y+IQ2pS48OUO4xiq8QCXjRqKIGTrxQzB3Nbu6ubo5lX69bT61lUx2pFlql5xI60F
+Zx4HlkulpFkDfCND0ApV53FtFWoV876fUOI/Ero/V+nN6DHpu92WIhzRDwu6seM
yhOEGqjIj+R8KNugjqUHrDIkYorWwtspq0mdnKBGUsHIuVOuQYG4QXHwmfH4fXB3
8RMlrv11TwjoPzBj3X5kTSU3W40Fiq5d32ZQS++ZRVR0vk0acJPuQkizMoNh+A+S
PLFD17rzH1toVyQ8y0n3DravlgNVlyfE/hNZ1vCFFAzXEIqU7hPMcNURsBuxRw9K
VdWPmoj4kdKDHpvddKTjadNq7qmOeLGWxRHszBMn8gof2rcwJvTljpznGjgQUJ3V
8CHOSRcoLuzWCi9C9vEkeskHDwkl2xT2flTfu57JV7tLVx4Yxjwiv6cHwm3psdym
BLZNT0oV2Im8+eV/ymmm4cOlb8EtDr3CfZse6dJ7nhB25OAAvhw4sOIGSum6Y0qE
jmD6+RzZrc1ZKDv+pL/98VoSbhwjp5gmM4e3KpxtQqRaY3qoCu61tshvwPrIM7bO
sviQkN3Ps+rItVV1yDNp+yqwjW1HHYpnL6EUb7uH5BLe8uaBoRxx7UaV+kRzzf2J
gaVMUKNNWinEsn5WWQhjDd6eD6q04dmWxqL3irLea/AKLtafwEn/arFBOTS0hBZp
UiOt32DTzS5VaF/46s1s8VjgLivoCummLylIaDMqpu3J6zgQBqV/7RpmAkEvMPZh
H2e058J35g4CVeFd2Un9aSMlYZdgLpz4KK58cRV/+gapBje7M5ksoePGNSlhBT1v
45XJlmQoUtDovtxmgbTFlQjS5B4EEQk6pjKX00UFq19o4PP960aezoMxxR1lMSwL
7ivszWEla7LzTyv1EmR2Na+ZdnW/5/vuevA0PXmXJVhqHE1lpGdUeGvxSBhMZKe7
aABhAmtoXbRHvsfURFgqPpHDuz3b5E90JUaUXlHEbqLuMta2zBckjtzMoRDhJN8D
pmSsoZ9p2I5kdiSoAuYTNheYxXc+bEIWqvogxj4L5ldtRNTnsBUj4aAz7QPz5aIl
Z2HYLT08ZdoLqrorktEkUeVuuobQq7ltBwHB3M9a6x5MDJcRHX3rBTRKIXKrF/oQ
AoyZ5Bwh32IERNWVRwP0r4i44OK2HEbnxxKCq8AVLNNsFT7gVi0dbJVYKNpFhsIW
6DtZTGVKVPxFsjfpvzu/p/G5o8DUfskPperxY2f0b41n+aCzODAYX9PUXzUkPNpB
vaUU0N1bz/4/yEpCx68/I99B3OLlccFrFzVavLy9oSVkmq99FHjbIZBsrxZX+3U2
gHgQrMT5KmU+VtJy1MJKxPGII89FVNbdCXia9dhDiwYI64KC4Zd8Jm8VDHdPV0v4
2pkJ2ID9t/i1VVufcwd/sr85KL7WfKySHYJbLvM48ofGqy+p7mF1+AWcc9Xmc4+b
0qCRpR4AO/Jq6LjvKcBSrcfiyliXJZJNjCDYcKxrE6iJvsmlATKFIP4x26b+isPU
tgWXYSQAbqxQ0CG/q6OF5zE+4nZOGwLZFjTmHSgHmBM6yaFqwtg1Foy8MgGWnXcj
o6FSZrzrclMT0VcwET5SZr4nwkvWz/vVi5U2o+5CYD2Gmhx0dAiUFioFL0CtY8a5
0bbKN9tm0IaZFGtCyF80/3/kKnWvcgDtQcwBM4RcMTdOTsCh5xpKCbUoPVsIzTEq
ZA8yCpLa+qMCFCNxVM/J3ZTzQNqYRpMHIUTHpa7PJP3EPHS7nNciTyxZPMIgz5SE
+saqZfDjDm4pPBU+O+6Lt0BikH8Y1mERV+QyEc/PytaqwjA1ZEb75/DMv/twDGpZ
5mlHqEqvkFAxLn+hB28bpIHcICM4lV3ZckwgzibVu6+Jf1exuvw8yOO0RAlTvYVA
FIrl8+9iYwl00WuA/QJGHdkwQdf0o8F11p1AQJpWlwxM/dYKu0Cbq/EdLdgj8GlI
PXIKkWiFQtndno1d0PspgFIWXoejEt26eTXJr3YlGZLPt5BnCTol8zBVF1G+kSjO
x0JX57j/sV1PHGRF2pehKX7CbHc55V+Ck8Lk+DHCL8U=
