U2FsdGVkX19fTms3OENxUr7EcMHJA2j3kOVxHcxjD3dBhbvUwXNmxlU+OwmpFpSP
/1O8hbE5F1UpTJu2065FNlJS8d546s3qJ2IH7Tk5iXKC4l2kCXsXOr9RxVWYH0XU
Nu9Eb+8wDywIyuR5xo9Aoo9M6GMzYGu8at4EgPbzWh/omR6PhsUoAE1hlGL0FbVp
+74MogB/7b4f1XnqdAISlZq9IDeig8Peun21rxzJJKBOfiUkYnXwrvHaUnO8xGAw
E0JydzRS6RWhqhBDcIFpKBJSr3PAZZt+QVWk/nwr9QTbVnBPEPZ5Rib4aQDLogmg
eCwBPoHbHjAyiRK2fD4O5ibFU/bZG2HKTM8QCLkMv1fhORKq6XYamdQwxYBBP/Ti
dahJCAJVfWhZITZnAWPATHrY8tc8tMEhCCnE7C/RadduXCF65hqZqr5ukFtTLJKk
gMoDPgZl19GwCAib9zfPgYDESLlCjbIHOiv09Nr7bo8XHHcQ2UiQlwY/ip/okvbc
0navBY5urfYvRcLX+G3X9wEeAaLBgD/k4zpoF/n64QhqvI/W8Y0C+5f1oJC5nMyd
Uacct1a489KkA9IXXk0d/x+nIv8ILfxHxttIdeFk7lYsUweizJUZXZAMvkie0Z8K
FFmMmPZY/pkxYR2g/Z96bp+hHU7bVZgnvRXJCDVrfPC/lsfLHse0ABq49/5OFudN
XtaOPD2h/xS+r8ohi57L3+AEEAC71LdOQyYDkXQTdvYpZ0zCiGhuPbViGZ/NsPoY
aO/iK+YFTSWHozQIfBZKSJ86MQNsELvVfyhYAREH7iKbsadmRR1R3b/uSF5hBsKV
kuPp2iiVny4Gj1r10iPFl408bdxpHw/m/LX0DgKQe49s9qc5xW7CofPoTojY0eWy
aryP1vGNAvuX9aCQuZzMnfgYpFxUpEzDfflrF9lust57jVYI/HEFZ/QetUY5p4dS
P4Bhp1op8G8Pn3gc8Jkmz+uBHwb9CrQhUmDUmqBGVI/1gaPOFL1AqyuOY5Y7I00T
WxBosBHVlCDY1rYbzDtOYrQiLYXJ76cP85uCW1GWIoUXHHcQ2UiQlwY/ip/okvbc
auWUfCMBCh3NoetIphVzXQEeAaLBgD/k4zpoF/n64QhtsoJKtfDgixryvd3W/vUw
dgl9UskgCmNTDkBqJmoKKQxS9iFX3EsIllgvvrQqSOYzVtqsjKkcKjAzPSyWn477
/DCwQllk1AgpPCyYvn28fJHJMXZJ+4YeMu7sm1AfZL80n5b2L+5Np9nro3qOwQxD
xIz0eczews5i+GC/x8VBMHzc12pAXtC0xFc81f9tUfO2XGzKVgZ5o5ejBxFm3e30
XTPXa48m6i/5soF+HCe/n061WlDRyADu9hC6fpIEe06r8PeITYbJmc012zcYqBW3
3/miK0fRyX0iwNi4jhNch4DESLlCjbIHOiv09Nr7bo/+PsBh94x8oFMXCdh+xsgT
87ODCsM7u4PVrm0OqMid4PthCVZ/yduZ9o5ahhvnFL9EytsVGnibh6V/vTtdgu4S
0LND5DRzeFoK8AT69oMOrvvrn+FTLLTBToirbx39HzI112UYVKscX+bJH6dNfrMe
pexF7a8WWOImrEIcMcftzrimnLlV+3sWjZiKfsA5T17Mmpfrnl9U8kTbL0pj3kKi
H1yfbY4OSBwmk/MqsLj9haRqJRej+4anq6LT6BLJW3Fq7Hwwtz4R8Ba5FLcM6/td
XtaOPD2h/xS+r8ohi57L3+AEEAC71LdOQyYDkXQTdvaZpICGM75t2Xy+zw1sEOv6
