U2FsdGVkX19fTms3OENxUqo+eUfXlrw5K1flLpXIOTSWyK8twADokddMuWtAR5F5
Ewgn5OeMz+8cc8HKCy05DjbKbOXvIYCSzfQ5cq8hLuS41atmcGujpqLWusHNVTgo
VRZmVvdRizI5tHeriFznNJUCe1txJ523W+VZnHk4JSDRZqeBCF6RXA+kFGBX78hB
MUJMo09oRFt+K2ycxBwbQUZGaRs0FcxskOdSKWzN9M2YeFYHiRezSjMBtTfJ+a8U
uushpaNrb1+VJ+sZoTV4qhFDGC0i/S1VIZTJTzXrplxrs/fZJ8s6vdT8GqUuEQWp
ATz4LAtW8j7SonlGT6WTcgR0aXSSqnAPe4ktACJxx7/0ITWJtgACSmxdp+TFW65G
VzZMONMtLb0XgpiI+i6LKsIG3w3b/hea95213QAkUz/ah68vcfFfBbuRk7DSojYJ
ThgWnGK8mj/wo7e8q4q2jOj4N1UVcGQz6Jl0579S1/S9Wn6s3bbm879EVJxs6qqC
MN1YIikxzNKssTSg2tSzK2NIOSqstzqj0Yh+PnWtjNXFOa35UczHNKJTELfn6Oze
fZtqexuLxnTW/pjZjnuzQQWrsjiyIw5ijAS1jlPqMY8qmRD5zXJBCtM5b4ojTojB
qFzn1emVdJ1nFdXITrD9uVz0LmBX3Yl5mG+YxGY8UEbT6+3VfhJO3Qg2BKfm6ySr
gfaBjq50LsmHtc1xYiRIDNbR9yuWw9OJUDdnJph55GlUULx/AKno0ZXfTMIYBNb9
R89PANjW/+CqmEzWjtb4RiV5to7v5Qvk9VZ9eq9G7Bsn+7gcjANUHMjARKMKQZpK
wPt9gaZdyzsrHJ+dcvUg9YtMHb+TfRlacIktOLfFqM9vpswOZGwaNcmGn+K2yt11
MSztEsbFk8dhArh2ztb32pv+Q37xQ1kn2OX4QqoFuG6N8g+hEQWvGqWSbufIRd5A
i4vnm0s598DjUQkfecZU/08VfpUIcxUPmd1T3dymOKVHxJ7EA/OvnpcogLk4k8r0
gT6mIgv9KIHaKkiOLlhzk+l3eT5aWvofARM1TpgJdot4Lz8VvHOE64H3WlWaTwIY
LHouEaJ8f+GxDmVYqwvnD3yFEb/nn/3rLOF8P+4GL90RnyGcK5qMGb/mCnlMDWyC
bF4HsfJvpTmS7RR7K6ViYYUWvA2NZ6JsunlhjaXFAyReDuQsqXuC2k+SK7PD6Bao
fcn2ohgZTb9UrGYQ/FOcBHlLJzBtGF330RmdIts1+liECNgmqlBFIYOl4o6n9SwN
zjnAglmXn4bkJ2XmSumrwuM76KW155UA0YRQxptbuC6WmoHbj7PFT8r4VZoIc2Zf
AohjavC96Ca7TTKNsv4Wj1L9/UNuI/tgimwZrtdgRlhdu+dOzuE/QELIvJ3JAXLH
HULfGtL4/Zpv92c4JZGg6DKtzdUktOyxZQrEhkcE7VmcSOcBUUnR3Rd377w44Mjo
wzxSni9bMc81X/r4+o8WdLVpJd4PzkqAgmtQDzKAGME6L/nWW0KdI2mVYbA77R5U
ZqcqwGDWN8cM+ywWNVSv4q/5GKBs3EFE65pRaSdWva3E1GdQz/9xSwRSLjZVXia8
GJ9F0SRv7VtxZZGZXw00XITNB1uiQI7nSLbeDNB+uZ3l8Qywc1+pOOWp6rHJ3vlE
2uR07/zgkiCqwsWuvtuiWSUpiG/m3VG1qnRqVZMA282ffnE4UFo5onrC6FbkMyDZ
JLNx/lYbbxSW4GBurjSl0gbP5w2w9snN0J3wbmnrGgnCTasHNbMg5Z83Vf3Cqd91
/R0MR5FEfYTvoKgfpkDpk5jqMQ0qp3IY7fEOKzGZYAD6k9gIh7sCWslj+YirMxzq
2UqdiiNh1R3SvrytUVCrgVw/Wt4B6dPwHXU5xXNrI5ZtcUoY3PRUWXWjYPH7PXt8
7rtK2T9/zkWV6tDqMe7sHsUQk449bgcEASIHzw9+ZevRusldyfAhSaChw3t6Ffpk
bAtdQ6d3Sw6uHosyZDWzsjw19mck66Jfa401X2VJHjBGacXKwu/9En50QhWDw5RF
4BtX73QO/0O5Yhj7efJ5eTAvpRASwNRdqKd2kZfSTUkfjQRJ1aLgOW2gDisyG3Rc
9UfMMXzLl6rkW2llc5oFZfTU/BjiyBezD5MRYJZstCAbLH/CWT5S6BD4DQcuuFXq
a5KFuRdJDsU6KKLqkh5zoEXL01HJIZyZZ3Lm249q3cSwHkscOf2t6/AizJKbvz44
dXEPte2k6I1jEOji+dhEfkhHpwOAFtHEUHPgdT+Q3NFGD9ZYV0mQ5fgtu582dhZs
O6iiDcE5U00jKCMxiXz7UqgdqkXvv08L0sbzc/IOVvY5VD/BhbzjcIFopxpwZSIv
m9HhigzGwnSwoQkEq2/CgcNKpIH6nrqjfgkol2ckUbiVnyzRKb6k6C+tG23Qmlr4
C28qgfa3kHGK/9vZbhRmX/gt7WGtb/1mmRjuQ6eQOzhiFAyJGGaI7yecg4sfjA/v
wBLjHrOus+k6aG8+t+Y54WKd2/dS7vH+I+k6ogwRP0RO23tXAWySifumkOrToPH5
zY7hXn7T2BIRFckfOI8k2Q2PJoxqEjV8GOljlfjxogCeys1U87tbvd/QwO/d260N
Cz+LHvWWC1HTtRee+GNcQkB3UUsJgTktegJI5o06Q113bmILcbnMK8oJc8QqseVi
eCXk6RkeWKGSHZi8XIJZIlttPTewueyBX2JwOcdRg3sjxJO1tjRbogWZmC3yeQ/I
gXG87+yorrUNeMNnbqVbP1hjAuoHwZdNQWO/9IEOnW9gXJ7qZfjpjHSS20LBHSxB
6rFlTIJu87iIEle5/6DgPN1FCwy5ThCvPlUWVmVqnVERwCQE3vaJKH9H3vCEOSxO
yG+NpSnSW0kLW156uQyVsr3G9tD53RKxjwyVSJvk3P8CPi63p9xGSrhXK6jMgzbC
knpaX72TtC/4ItZevykJjCx2N7vzcltT8oT8Hrve8WqsOEIGbGsJpXPrjE9sZxxt
t/Hu0vfDNrwz3HcytgMnmqS4m4yB/tx6Cl8Hdap+TlaVfhyXvt+evatplulRb+oM
60klkAdZ43FWuITK0RiuMUo+TkEA24TIGVyX4gP/DKoisgZd8icdYMoEevkTfCzs
kSJNO0MFYeIMCZxwL0ACckG8BtE60q/5bL/rcBqk2ueQEcb7z2CLc+mDhgXPSkiC
zfGs81uUoiv8eTI0zzeg/vpdBd2ZvVqeSPuijpsNJI+n2n3GwvO6RK+J/oRoPV0X
cAyfDlMJTWtnOnk91iczSzWFn95frg6xx7Pf4O/4GbMTIkNY8reAb13JT63plF/G
ljNp92bHNi25YECgydQNUFZa5pZDMbfikRsJYjzEdU9HSnOYEeV6iHtbcrWxDJrU
wRs8A4b++lXg/KaYIDdCAa56UnDFug/kOY9fLaPSnnN0EFN5ucWMWVOOVO4rnjG6
kXplSLDyrQ7ZTvLOvq9/J4OTRGR8kJb7I3z1PrAUUzu2QlcN+N5Yd+KBPK2xzZnq
2KUSLZB1H+IfEsnYGYUvqZzjF7hzkupCSwletPjqrvacFSBXVaVEnrJ+lydZJJ11
z+MWG8JMWoPC1h5kipronizCH6KEKZ73dphKQ+CIHU9b9OdBLRd8OpssSvUeMhsq
HJz6cuBxtiWNWLyBMSWEirC0kwDfroQrmRwPXGcdT65xDOIPDsW5sGDeGzIzb+jx
YcQHoJKj4EadwbVLgU3LE+qxZUyCbvO4iBJXuf+g4DxuUizhOaAdSfpRTnU/eIN0
laylkaDeS1XIqLjxolltEgjlSbLAIZxSwe8j9EhQkXhJAs11o4Ij65W/EKjf6SGo
MN2a+/Gf42NJQeL+iTcBg3/AvxoiUdHLubpwgYw1XLQo0wREeL6SMhfU6mqSAZnq
p7M8rv60W6H2u3w8cCwPT2FfPvdtfuDtsF79/ynIWJot2bra0kNkTHHnB5pQH7RK
PeDiXFTqq6b6xas5muRsu0Ym0S0WFQJvVswJvZGuMe18MSs9NSDZqSMyo3q+WPd9
SpuhkWqw7squ0812vUbtKgj/1EgK0pwAZ89bdSk+wR/Ma0yxFgs1MDZKjGjGfIhR
gff0IlYfjJk0IOdsHFYXoA39g9RzRbBf2HW3jaP5KBIyYgbvLugcGGxaX6EoDi2b
AQsKd6xD4pmm+eCU/tAn3wHaMgO+XpSfg61bTe5CA29bDA/Ye2BzUUw5MRzI3AYu
Z2EAwmNR9wvrNXVoFzft36FBFURodeRHfjqEldcPJ4LG9ZVguTf5w1m2xole9xM0
JymHU9mLMxRYJ4lvmfGy3kk1fBAEJJfzYziBQMQ+9cyAD2A1BKGzuGsHs68DfIg3
CHV2Y15Z81z9WIE7auEc+kGL4M/EIbjCn+9NzEC2wpNCPTvNvhJ+21HDUKTha3Ub
DffiPYK+Ay8Kr1eXnM98NBCkl/jn3k3o4MJlpdswGDFRmBu9Pi+b/5U1Bn/ZV02m
JkP14OJkDbZJ0dxYrdupgWo5I2ZX6S+y8mGX6pjXdDBSmnXph07oreuUXNeOuhEZ
cwhQYlF+nE258Gn95cE8IAMnJwhfNgD7IFtQjQwLWfy0FNd8hDGkThVrX/pnSS0R
nnZO9PlIMuRMXK1TmHP8f7Nve6tdbdcg6FFL/dUWWq18MSs9NSDZqSMyo3q+WPd9
als2Er/pc2O0N8PRRnjx217HoBvWILRwWDtmNYhkSuXMa0yxFgs1MDZKjGjGfIhR
oeKSibogmdoPSciGhnL0vA39g9RzRbBf2HW3jaP5KBLrY/zDAxLX3HszLFUaWFgl
hQN/4t2PLC29n2SYsg6kFz/yQJwOpDlr3HlLlexhaWDe8AdV70jvuabEO7mlQFkw
5C5182fGPH1rmwrqS8DHQpXsRW4qhN1wLoQG5jRbRhgPeYZe5JbOswwFKyGM7rCj
08n1hYz477iXhDS8yZTJ7DNpsgzf69UwcQrttVSTc+Yl2rzM98DhQvdQyxpFieqb
pFdrWPxfZo5t9mgpsG0EdQrkF++LtZHS/JJbXuUsXIjbFTV7SWPN04eK1Pbiuk+J
dCZ1g3DzNUQGIgEcVFofZkYtvo9Ngn+L2Z+GVQqigKw1TVbeqVP9yWlOfJeSvSMr
RTbi0Mq+jxrFiQBKkiIg5h6jhk20psAnWxOY9qotN7I/hUgWBDPuT7ha+TayNM2x
nO638orvKEthRqnNSOXa6KhcXVPyNFykpBnGng4UQKp0C8FvTtD5HQ1NtFNSSBnb
Bs/nDbD2yc3QnfBuaesaCfiWXnmj+oSUwhVp2BYZA1TrpLRBOQrirhly8+nlYVpM
zEMm/mmBOEjOWlagts9ucSCEjHJq8KGgGOi+R+uPoOz5eMldiM3nKfiTTXW1cFxl
CAtamnrSubGCVIRpQYy2yu1DovTmXqJsb0WhoT2L1H0Y4mctz09CUW5PLDUdCLZd
qDt/0rIqsEKOLQPDTgRwwBzZg4t1DrQ09iKlAkgPLJOL/PiNM5ra3s1WNOukUmWu
6w2C4ouRmTdzE3ErN6SF9Ek1fBAEJJfzYziBQMQ+9cx2sQH5Nad9E9GrxI5EX6uD
hnEY4MZgUFXvzt722jmOVI56iGBIlj65e2/CgLwK50bdgNG+aX2riBJ9J9EKWZg4
cOpAeeZ6cdje69/0mkOFzuDktuLSper9dJGdU8weRzpLaSZTqlfYbGmRXEauiwKO
AaeWfaTx8YCgTYtRa4I9BMofqHMXImNo/DD5GorEVyyn7TXlQStmXUXvNW5016k5
WnpBr5vX0E7QNuD6VoEDRI56iGBIlj65e2/CgLwK50by0dPUnv+zr0BVoPLqNTjI
OtUbSftjS4zsX69cnFdVV0+CZgxqjMBwjef2v2XC+g73OaG9FjZ9NeZXyBoEWQWp
qKYSbdcISktDtBDVhoW+OUC8NE1IIyTsIKVQR2y3eHBjadQYLqRInD5biyH1YvSg
W51dUDJtGB2yGdpI4a3egT5ez677tSu8E1skLfUnWg1Mk8QB7GL+QlYQCbM0wgkQ
kFBCkYa2XbcbDqWNN+ishzwEq+FTf9nVzlpfVI+ZXHHeiwHbGBDrGWwFiUf4rvh6
hlPEgg/bSlrj7nBvxSmWBXSe65QbGtPYzD9Z/ao31fkA+2wlzV9iOJZcy6xBLtjV
DDy4DZ2WnGUMmYhJZsGINqVm8ipq32uF6eupN6Oy90LUkKly3MHnUn3B/gaMGEbp
3osB2xgQ6xlsBYlH+K74es8PksHcpS0MyZWu5M408wrNP2LC0zYS5seCyYi/i4+z
S3C09gqF5xEkX1r3WMozu90ano1wxZHQOWdJpCVFWAqVdtUVfZLtcM6wHcaBOKIg
JA+C2sVxenrCggcYRGGLsbEGR2b32ATiNZOJJjVC8lo0uERheSZXMq1Wq3MoF7sC
4yY4kzAJmZaaftRUuZeIfyzxhN3FRFdHDvp2bokdq3RVaoiPSlRTtR3q+xIsdMIW
Tb37NZ039ie8GTgBZXoVqMiRzAbmy2uDLnM8gZUPfU5SMjCqIfAS6GLvzmQGirBz
cJ4403ODyo9NaLtfcGWegCJzodicLxj9F/N4SKcDEU+lmrx6jmAHWtz/hHpptrYI
2Iqeh5UKT6BXEQcWcnz0Luu0RGJXIgNTGglwSHqt2DGELQ0wE5HaKUrMfazzxTdC
Lmzu2KZIMKHQKqGKUpzb62G9SWRiRiBrNCNPqO80mPq2tLdBk4AB+7MiK+kRWvRb
tp3/0iLC/fAolpNsM9iOqiNMG42xefFoAQ1p/eMYAq7WnF5y0Ow8SOThulFVdwrT
vimA2UZLTTjQWM/dt7aGoV9MQY5Qp1zQtBJInxXvmFWYDibEY0516zD2aHGp4t6Q
8tJQYZG8vzcBMm/5CRc0ooD8gW5RSroHKG//EtC9UznN4HsEN3X7zs6she/iEeNM
nsBfXA/JSp/TKgHBCnzM9qBBJtP1XScgjgcNPICRGnW77Mi0FFRo66x5YNLQfJun
01xNtZfi+B7SqMlhNfUMyRJyuOyCY00hIi2hR+6zLa7eaWmIFhnEuH0gssBeU0Z0
huZefwGmLdaFgbZdIxhgO4StB//cW/2nirjK3nj2ho09YQTGJnyBZ29FtKGY+YGR
z+DS6ujAe7Yo+QgBkZ0GFfB+EfWYuq2T3dQ3YT3S6pS4MYwugc+jrbeJ1Lt5VHiM
qISqlIRdzhPURCMC2YQyE5Mw9vRzPULAmQvtVoTTAPq91crWianqNX0V3FRIWQBR
K5gw892aWKwY9LdwjcdYG3Ynu0uUOqONMTQCUznNMwpBS52gbZ4k4yKwVU4rXwzm
DBvY0uiN9AlIuXv2AtxP4BHhdUQcOmmloxvzz9W9Q4hbk+4WXRlW4/MugPLZgTNN
qgIrdS64Zp+tlGXr6asyXMWuc7iG4t4fapBKVXhkgswRxzus5OJss4cMiDR5CkzL
t4GuJpYSaDOyzrUlC+odcjduyYRTLKpHePZZO/7WfUpsAjh2Bb1f2J+2O8+6UEBY
2VQjtmfc8ilGc7wKHPo4VNH4D1NGvnNbctnzMBqCzxp0CtjebLeJY6cjiEW1wcPE
LQA1Yg1i7X/aums01LqUKLR7uXFFR7+aVONl2c5DvFoPLdsY4ot3zEOKqDNbTzCV
FFJWvLcWDoUu+c0s/JeOiPYBe++CIYSiSLN3kGxwuZ6wwsWy+Eev7KeRqaUF6pD9
jNHAQlDcZKpY37Sul5hnGnbJNX6hE5DEGJSAcK9akwtNel12akcowdmqAmgbxUot
r+BpnxokWzwDxeELbwgrJ7NVIx680pXqSiqqopNXw9yVfXTLpkGO9+kJMBiy9ads
Z78SOrUMik8vDGS3wk+OrjVUdf5rI1BccJkliMVV6piqRvwJ175KBkw+GIGcUo+X
C431HwGiOV3KdrI1bkTc8WlX5adXdI1ozGCl4vmhtrCwwrXfHZwKWpES7AstAXId
KSkQfaiVF9RWDqkDqcodegP1an5spNoJdu60QXB4LkWnjbmho03qaYR9Amb0KecK
f9UGPktAo5Akw9hOOPX6R2bP1ysFmBh5HOppf739shk1hZ/eX64Oscez3+Dv+Bmz
Mipp3qq6A9nLGgP1Mjf8GQWlWt8CwUVE0nQDReLxr86zXC4BBMJ0VWKOhbD5wIK3
0J8eBU751+q7iIRN/s81WPd35ENoAIcaec/TXUS46YKKPUAHHnE5TCzeec3oWRxV
nA1W3XR+t0GbaG35X/AlBNEVY4KwDYMqVmoKyxt3tdf+Ks5Q2p/5HM8m/9OEVKki
iP3NKhPoFFnYDRa/Jfri9iNji7ERVev2eK0bnR1TdC9ewxEMewMvV2bkZSKbWux5
iKYvzER4vH8tZnMvTlGg0QCrBCg57tx0JYwcoJtJpXGZ2JkjPGKwgt45lu/kgb3J
6MN4llEQfhkvOb6sqe3/3Wg20mEZ79tzHFc1v4NO2U9hxKfCejcd3C110rffXPIz
nN7D9ydyEo26YgaKzLfPNoS/lDUY2RQHzyePiolOM0lAcoPXhh+POpzAkGXao0pX
9fBGULrXjEXrv4Fp5v9j5P0LMIqFf5pPa/Z3YCU+z+TYUwW1BtUX9DL/XcSnExt5
It+djlOviGff0U3xunEdM+eDXw91g+7pSENMuXuz21FU2AmaX72kM2xqTojR8glv
LKlruoNk4HupNCX87ibfMA8pjZlAbJCtGN8esr8E49qse9D+rIHpIhqWExp3u7IA
Rg/WWFdJkOX4LbufNnYWbObetJHxFTIC3wUEBJu9fvXASzA/5ZE+L87iBcWoPB5G
PeDiXFTqq6b6xas5muRsu2GiC1IZRA7L01gy/J4MEpHhBTriP91pd0f/oPbgouQH
gUsmIrv1C+R2ZbRZEwTGZYF6n6xB8CDqPfSidDQ9XsO4Lss8g7p6x/9coAo/9MMM
vI+uU1/rJ3tmnthQ4PU28fetpI9Xy5MdybHz80WaTnpBZg3T3A5whdtchLSIH/TS
0pLv4WWSdy0H/fI5Mb9fdOUhWaes02NTo8K5aXmvbQeDKFqK6wQc4Mm4NZdRRPoM
wYMjfQEASEPQ6ogjHTp+00Kl+6ilT8uJs+y6hVXIi/v5UrISCornUkyO1hEBsVaQ
37yEdmQzgGmsiWMxBxDzQXDsvhaCV5/p+/aM+V7UnvL1w8nu7J444mQK5skApCpo
ZUsy4d0sk5B4Vpp7IpjlAyknlPCRONM+ANB2AedGMzokDxLS+KuJ4cdB1j/gQZNj
60klkAdZ43FWuITK0RiuMROLfCgdhbAzVn6fJgOaABiVrKWRoN5LVciouPGiWW0S
KdjWfQg/Bvr+bHBV9EWDl5BmX5ChRSyEQfnUpv1YLcFRo/xJJdbYeHQj6Fp9KUJz
f3DqkpH03JgNDhOpg8D8mk+IDCtUenYxphWnq6n/GiLMSsL/doPAwvN+lJANkoni
Ua9QM6/PX1NbK1+cDSL9ra5SMI+5pobbqxRSUxIU7TzrT9ZRZG5IF475Yh3DlmxN
wYMjfQEASEPQ6ogjHTp+00Kl+6ilT8uJs+y6hVXIi/v5UrISCornUkyO1hEBsVaQ
37yEdmQzgGmsiWMxBxDzQXDsvhaCV5/p+/aM+V7UnvJOa+TczpFf4/ZvigAqDhHk
t5X2177qHH47SLWWbWGBcZQX8Gs4ZzxmrAiX5/JkeJr8hZRiPUHcr0hpdBXKc5mi
WY/FdGdVR04fGUc9+hm09z91869heKWO0XwuCXR1DqrFs6GTSyjdAdmegGnMdPtW
UEmKpI5UsjtPp0nQyn4oUwxp63uua57u24mg/JsTdkx56c9MFGkU1vZo0EPSRD2j
r+wd9P/E0OYZEA7cnsIT0s4V84hQnw4Cqj3m1hZ43Bl/DhBg7FTOr/EW+LLfHqnG
LAiMPJXNMrSBeKupyQMmCEXL01HJIZyZZ3Lm249q3cSaG2bNwfQP1YMn8cCayKm1
m+4QkivTM+i5rtGhH4D6v05r5NzOkV/j9m+KACoOEeTcJML819zdRAUztk6hrYoN
z7JiaXkm1L20TNbN2ZMuX7MUSZFjTesazXheZ/6xM51RWOrf+vjSWnvtASVC611W
baM2bVPruX3fuEX1tnpgqL1MPtk8gtMbbuSkQQOclTdMhjySTuLKEsamLgsFYkY2
XXyO1iijBRB6GliwHD3NHd5paYgWGcS4fSCywF5TRnSG5l5/AaYt1oWBtl0jGGA7
y8b8yjUsmoWDbSizJBUdfv3hEjM/s7ZDyczXvQdo8dPP4NLq6MB7tij5CAGRnQYV
8H4R9Zi6rZPd1DdhPdLqlLgxjC6Bz6Ott4nUu3lUeIyohKqUhF3OE9REIwLZhDIT
kzD29HM9QsCZC+1WhNMA+r3VytaJqeo1fRXcVEhZAFErmDDz3ZpYrBj0t3CNx1gb
die7S5Q6o40xNAJTOc0zCkFLnaBtniTjIrBVTitfDOYMG9jS6I30CUi5e/YC3E/g
EeF1RBw6aaWjG/PP1b1DiFuT7hZdGVbj8y6A8tmBM03iMBMWkQRZKqwsic3zIovs
T2D5xwm4+wxrV8WIFVuDQC/lrw+vasAaEo6wFLaPKueEzQdbokCO50i23gzQfrmd
Ct1g9el2LM+8W+GhObX1iMJcXDvtmA24pMsqzxfpkkbrSSWQB1njcVa4hMrRGK4x
gabDPMmNqMenhJre06Qc0Vm+Mi33q/qdwJs+nAJQZbYN/YPUc0WwX9h1t42j+SgS
2kJO9bQdA3Xf93ePgRF4C6H+qNy3XnXc4eWPm2H+QPNjYRIyQcj+PILEd5SlC+jl
k1/fo2aPD6kYUBXZDeiqvdzwX6dUHe567dy+hJRclAs0vF5hjLHh5bZC0k208DNh
+giY7BRAmXMLPqeC2N4E0CWgus0TEQWQ7hscnLVhIvRaMjmObZNVziIYECFYNQlt
jj7zkKeLUjrPVqvyh31tFEiRLuLNuwjMn4f36zccjUvf3fywbDypXYKMbbxOBqoc
z7AnscRsNnRl2NEQW2HRDj8ifrwbTumL3b/qsWdBoIdtv2R0KNB/4g/5wbk3szLk
pWbyKmrfa4Xp66k3o7L3Qo9Tr/oqpsi0huvkOPcV2WD3lU+Qmrgq2+IJUIa9RzgI
bxUJr9pAIYlFDTF0v7MaAXIuMxjxs+lA5cFAXwCrTvCA8Y5WUT/7cn0dXmha7Puz
//L7UiktDAokOto1xvnZpmxbrVeXB5/6HZFXbp+JcUJ6RlykQUwQ7NGvVU736DqR
yflGRVajPP3NGtD9QT2z6UUdomUX4c7Lli71MRkR2c3bwiBhyPaCJ8q7799gXoxK
m4duvh9e0VltxHhQ6L8dpgGpyomRfAdbTepBbEWOzkUM/da9sSmizJDhGSGlsxe4
U8cQGgozaf/18Ms/Nf0RvYF7HnaAScYrGSP9o4XaNEMnakbV3ecpjDnN4BMupJyL
eibYaMgmmby/YrZ86CAFC0fbZFhspEx/Rwu5pYupXb7Jk5njlz9thFJL/nGJ9EzU
WhGFiz03SJYLrlwo0MkwJl0rHPGfFmCCvo5r3BVmh0hW9lO/7zE+w8pVLGX5X7o+
2NpIFf99s0z/QXRX9pyrhkGx4vrU1/c99JBxpQt2GH7dXPNFv8pKou4U/Y7HsdVn
FsKQCuQuaspNcapWtNm4Fh6CSQlP++4B9E3+yqmPA4mnVRzVlT1I8BfEF2j48vM8
vk/NYkwJZ/64CF2eA+jWoir5SdMUAR+F8xJ6ng3PIk9YL0tl0mss/0vNj3DjP7ry
pT6yGPvsDFco+Viy2vRCcrNve6tdbdcg6FFL/dUWWq18MSs9NSDZqSMyo3q+WPd9
A20xwLwda1pY+13foq17dTYOw2t8rQ+jrNQcsKGdI+PMa0yxFgs1MDZKjGjGfIhR
ccjzqLeQbn8Ybs9JIYJElQ39g9RzRbBf2HW3jaP5KBJiyICfKavsr8x7iSGhW5z9
15kyLMD2R3ngfbOl1j6L4USDqigY5N2cSnH45lZZ1D8a/dE5RXzX2K5oJ/I72mo6
jjp9zzGvdTZ/xx9WBwm8Vd7wB1XvSO+5psQ7uaVAWTDkLnXzZ8Y8fWubCupLwMdC
2iO4aZ3nY204zO91oPXR6sHNQo2PprI87GqDOOJUw7jyx+ai5oaI+Ueplf/pYqiO
oQSLR4VvHNOt3u6HsZ84Xu9m9k4Yxs/TpQkWJXyx9FAsdi+9e9E4YLKtsr6yvcjK
MVjTrgneSKrEUJY1E9ZQc5FkVuzjZSA5ng47z+vK1VadKQXujyEuvbmx6nP8h2/D
Cb+a8jywzjCu5P/6o+pAH58VDbjBhEavBhvYMVBQwsA94OJcVOqrpvrFqzma5Gy7
YaILUhlEDsvTWDL8ngwSkeEFOuI/3Wl3R/+g9uCi5AcLJu+HMMNAgRgmUjNhgQ7B
OWVnqgN4QjvpiqbgZQiFVL+YT9mxN5kGx5RaUxQn4KxB3QxNla3vKK5O0KcZ2IdC
VRQsmtxmfKbl2vc407DijGEWuZSuKPvhkpnGIIYMKN4uu1Fai6Gg1+mkCnAV7rhx
mU6ZjkfCIsZn7Tzofak2W93sBt6e2I92EvvnnfnuJorrKTvUaJ5wLhmtOLd5B//d
Rg/WWFdJkOX4LbufNnYWbI9LoLNXWobnMib5mbgB9xMQC8UJv96KsUmq1ytE6Gep
uyZWTAPWh/bXBd2eRwlh7E5r5NzOkV/j9m+KACoOEeQZdiMYYiV+RUdvHgr1qaEG
15gA881abaNXZdfemiMHLjhNzAdVW8mgCj9/yaMnxWzizFmkoAePJvPeXq06brW5
NYWf3l+uDrHHs9/g7/gZsyuysBxbFp+7yP2owctl+fGAkF5jb78Tg+UXN680FH9l
E9VmnyVt9u+UAv47nxi4AO5z5JZXQpHTCyve/b+v/dRmBaGx4nqb/73NSelphkIB
PSuLI0DB87vnoJ74vcCRbVGSbrM+MFAD50RwVWzm9TMN/YPUc0WwX9h1t42j+SgS
9akpbE6aiydaN1J7VCxJ4225zlGxP4npQmFGbod50hlJG3aZ2GUxmooWNcoXaEpT
FNaFrLDkTrcp057T2eD+QelL2G/XihzeqFSXVn2DmNNG9eULMnrwgf3IZzTIgYrG
N66UP5SGIzUy2qUvKrrdf307JUyELxTdhkGonDIbhsdB4j9rnbT/K3ARMlor5cX5
JymHU9mLMxRYJ4lvmfGy3lyMuAftwu+AxioRTAkYdgxCi0WIX3JhKFxiXVJecJE6
gEKAbjNXJPBos1aMpNy6eZ98NN8qD5udXqDvsQKbyzlbiWW02SxZaJYdNKgfPzHu
JcaHXHyZiILBcGuH3lhgC1BJiqSOVLI7T6dJ0Mp+KFPl74cfG86nTPbYpaynnKUC
wm/Jh/CvHddelCP0nlHAm9lHe9hmrCfTEkD9AASJAUpJ7Lvx3mbP4o9i8zqRxTlG
MqrpiMkdLtcS3ymtgGYaAKWavHqOYAda3P+Eemm2tgjYip6HlQpPoFcRBxZyfPQu
67REYlciA1MaCXBIeq3YMYnzCiMoGIApuvZGu2M+OQoKQPUuGCwqCrUfWbpEnf7J
94G4ZPd7BzN18i7QkUWwpODnFJt9OzCF34/5lEiYdxBW9lO/7zE+w8pVLGX5X7o+
YjgFs2IOc5lK+0MFWmdjejmHPY8u+VvxgamNAvvmh5wlCZCtYHGXd/aheAkytN34
pnZ3l9KXQ3EzxdksWiVGeCRYrYiQfr3kRGl6E+RkEcBFy9NRySGcmWdy5tuPat3E
Eyiv9fCdTVt1BiUH/jna4IY25OXGHzFhwggMI5Myrc7iFIIu1AtipujzbaQ/4JUG
dtv9cjmIoVyp75g+8XS03u1mIjZOHf7APsV3jPYu2jTi9WYpvVhJDxfg7FXc40VH
9l5Mbws4jdSARazVEXo8v+hCIYmhP3TfvOU/T1hfzPFSUZz1Gd5VkH4qO53+VNs1
YQjPVALhw3k512qZ9Ttzwagw8G9V/X8++2v1AQ5ofn0uB57IO7vW1bRf4pq3i3R6
60klkAdZ43FWuITK0RiuMROLfCgdhbAzVn6fJgOaABiVrKWRoN5LVciouPGiWW0S
VmLzaRzy7W730ayJHkH/kB2eg7a3mtxo82UJ3VC6YiMm4CkIxQmtN7aJmEV8KDe3
GRaISO3mSI8psP980MVBfmNl1qkvMSX0GUkgYVE7pCroykXvD49lfyg3htCXUifa
mNkBUjKSNDCzH3SNoRXALymmfICsGLCIICbn/VBi+6a4/XNnb/6ub75CuJTnpGyR
kLl3zxus72IrlaHVFFTlqmGc/D2OT8HFBBAz8nfH49FVL82oT5YrWFQT2LrHGxcZ
lZ+mDPFElIA94hWq1ZfvQ4xD12Eibtc3Cuml6ShrO4qoEvNNyI6nOm3SA/OGM2ym
fVCEEaubhIrLwkF/lbw1l0yGPJJO4soSxqYuCwViRjY3NC8Rxevjwyjz+PawNFXJ
3mlpiBYZxLh9ILLAXlNGdIbmXn8Bpi3WhYG2XSMYYDsvs26SpGcqq02iWkuoU90y
mOal18Wx7hvOJRa/y98iOc/g0urowHu2KPkIAZGdBhXwfhH1mLqtk93UN2E90uqU
uDGMLoHPo623idS7eVR4jKiEqpSEXc4T1EQjAtmEMhOTMPb0cz1CwJkL7VaE0wD6
vdXK1omp6jV9FdxUSFkAUSuYMPPdmlisGPS3cI3HWBt2J7tLlDqjjTE0AlM5zTMK
QUudoG2eJOMisFVOK18M5gwb2NLojfQJSLl79gLcT+AC4JtbCWQHWW71VuojAiZI
hR2fcAu+NSMNX/dVfbhaBwJk7kBRgeVJKeSb6YYvsUOFnwF0cPAUtB+xv9XbOyzi
aB+12wxkVRuwlFTmk1KAgW6aZ/rk36hbCON8327G1/QYrnMyBjbnQf9lO1MDoDMz
GrTXHA/eunRj/R4J8UneaZ+IBd9/kdgA3ROzzhykPBZJYh6w7jodTdWmwgpjfUHb
P0p8ge0cwa6kfe1KtkE0S98UXuYXYzYYEAV8BtZXGUoafsELD0dJSlZCVNHhNVY6
sm1+/e5AEJbi2PuxcklbVbiBgXm2nJrWLTAewYyA4mOUg3tH/xGtTsvG+r8PQwSb
T/Dhk0tmg4PrL+raAWw1z3W1/SfX2yK191xw7hmtvh6McQDU97fZKMNKoUblPx1m
OgAIwjRBzIEMF+2FJMYfd2AeX1ijATvqhfBLv3sohj/BWT6WDmCG5smfXTLsRNjz
siJjGWhdebKlWjO3CHtNbhhoBXy1mc8ZKjiyHYNI8DMrshrYKcqSQwMstv3jmiBP
SUEvI5WzIacuXF7C2BqU9TmssTKeFhpjP9bjIrBbEYOsUQHUJfYBJKnWz7/C+ISF
cRDDqqdSonucW0aWsWeZ8nrlLu7gWePc6UOjd4ZY9idWIp3Aaymi8CP4io46Momg
9OrmLOVEpUyJXTwiTCuGbeBMwLPQAp5QaEDKqNUzo5PaQz3abuwm90s3rRBjBDaz
lnMYFO5v5Nyw7Gd7pMJtSlaeZ2lTdIfl+k+w1ynkPQ4dFeaE+O2ckRaS77c5n+Kt
qkvxfOPzJGe/pSY0QHVz+jixN1XfGwE+l85Oap93LmJakoFB+rupHC0eiTeFXMTI
SvDZKrhEz/yHd8LKVgFFt2hqB866JbWif//oztMFG6yS2UuU5Q4GIMhXTf5JpFwy
cYhvUCiNh275qlGk64561Kj0zwxW8QgoGZx0CXPM/f/bBE+YUtz5WwtyxgHzEFfy
fcHdFImeWBrjzBvwJgY6ypbuVXcKeSeHI6t/Get8Xb64ACmNYv3A6lsDeKjci9HG
jGja5F6pWb858nSa1vCDeC8IUyOimgZxTXEWRcrrgZ5f/57AZ6xc8oHRCwXd4AgK
8Qebr+TyOiZ7mhVKshqhWF+nWCyeuWCS62cQ+/RmLEeq8rsJow2+f80AOiWnEOeU
I4JhaJkAunRJ4Ykdn7RT1MLEbrIeXp3CKw8s/TTgQ8cb44GLyC8snOius5JMLQnu
JEZmNAWuj5tti+FxH1UHASo9bfVdXu2ZN8n7vHjqxyG49WaEUECXBic3c3jB8gUP
zS9V6OLmbZXZFtN/HWvjHkS09u6J9S2s6914aWttfHRISCeY5ARTOctd2Zgb6af/
i/z4jTOa2t7NVjTrpFJlrpYTBDFP7brsNtXMRB0x1xPqW57d5gSQW7n+YHnurily
k8g7ie8uPqP7cKsZDxHh+ynT+i6Nwl2xb5pF4ktpwfX6CJjsFECZcws+p4LY3gTQ
EFuEJ0B6B/ulr1+8BChzwloyOY5tk1XOIhgQIVg1CW2OPvOQp4tSOs9Wq/KHfW0U
SJEu4s27CMyfh/frNxyNS/KqdXeeMGQEQWgmzzEFimjPsCexxGw2dGXY0RBbYdEO
PyJ+vBtO6Yvdv+qxZ0Ggh22/ZHQo0H/iD/nBuTezMuSlZvIqat9rhenrqTejsvdC
j1Ov+iqmyLSG6+Q49xXZYPeVT5CauCrb4glQhr1HOAhvFQmv2kAhiUUNMXS/sxoB
ci4zGPGz6UDlwUBfAKtO8IDxjlZRP/tyfR1eaFrs+7P/8vtSKS0MCiQ62jXG+dmm
5lUzOLw4BIsVEAgSgZ87xsqprhZfKWyi5KXy6ICPW2EafsELD0dJSlZCVNHhNVY6
lDerzltGrxeU9h0dAPxAutyPDJeyDCn9fgOwi2QcanJbdxMpuKYS6W/Az4FUzW9R
7Jqd/H8ejlIcHKB8n3qel28xTigMY6moFnWmX8z2ZAcbhqAp+8NG4zSyRX6+f+zG
Qdgk5vSmJzQY3HIDBWAck2Ymgd/0UdBhYTzNnryLWpL5AXcher/UDQzWpVwV9oeD
/IGFORxx9R7fcID3UCeuRzOFO07rQ/7rkUQx9rryupQYyzjrCNY8Wn82UyZ+Vwyp
SWPcr6OqZ7P26s62gso2ubypCF8OKbeFdP+p/uxq1520FNSGzA5Nz/MaTWYoq79m
320H9uulnMAvO0qM4BR0Hy+VJf9/LXN9rHoxM3S5r8JTBXyZA+3nS1ngOTC3pH7K
aqFYjzhX8zeeTDCwuejusZZd4dFMlO4D9eUkBvF4dciZV9WRLEPcwRjHYKHETscK
jYY7oadW/+84nUzU/p8IT2qhWI84V/M3nkwwsLno7rGuA766XjoC0FBbs9MIUOvq
mDDQ/Wvm9nS3jKF3ZZo62V0NffOpr2DvKRazc7QjO0YH8KxS74bzU317Bv2rCvkc
/kVHT2wvsu+DGVcjHShTNEYP1lhXSZDl+C27nzZ2FmySpsz2jrz+9hK5T4gXWzbl
M3BB+7LYymVv9DEUHbQ/xUYP1lhXSZDl+C27nzZ2FmySpsz2jrz+9hK5T4gXWzbl
anATyjvYzAGa7T97zpeTpoznWBrSSsiQ+MyvmKzKkDEKNDi8fcEgtRhvWh1tI6dl
oMW8mq0LUgn9egOcx4GQxCnKS/T5/VRFEJbgDsEx8aFfPjcD4Izzbui/bQrtx+Dg
MCr+rdwZIXDHiXwU5LRL5oGCbJL0lQ0tpcn9nXxW7m3v09UL//tUtQdEzmiz3iOk
LKIFX2ft7il5v9R/8DvmUGsyquy3/CiJeAoFov3Hcuz18uH3Ae5GFDh02nTwF+Rg
T4DgAAJEXr6j2n9Yy6t01NfJSaEkc4oD9QsDeFvWhxTS5Ego2+BKfxLW06JH3pW6
Rg/WWFdJkOX4LbufNnYWbPzJiuaA/x6xgNWbrowC6CvvjEnds4LJf9H56hFn/HEa
fEDi5h77iMXNK0XVpbSsvdcnLIIX7MiKSSdZzbph18j0oy+Mz7tlf63SDG/5RVYp
USAAyb1GyCZ6+bt3M3NBp97wB1XvSO+5psQ7uaVAWTCCWp4bq1A9G5wxvaK8jja3
Nh/ynPCsSvk7QpVLeJGxlqFxZ/maVfkoWpKuLx+6hVTrSSWQB1njcVa4hMrRGK4x
YLOCdYKQToMFpoAz2CuBvxej5D9hKCHQwBQFnRWrgMoQC8UJv96KsUmq1ytE6Gep
T0WpqG+sFZEi0PYQhQrqA05r5NzOkV/j9m+KACoOEeQc6XLst0PiCvWKGjRH0xkn
15gA881abaNXZdfemiMHLg+bu0d2xDZgKxsCNUO4ENtXFG9R3k9BnqlAeDHIgQ7r
NYWf3l+uDrHHs9/g7/gZsyb5evmbAK3areT+ReH/TUhSQZ/4y+Jw1GdcouxZPBlp
5FEiIP3xs3srBwm9CsmaH7BwEWxVEby6H4cDqqaoj98jkVb8+1RHZwrxXwTC9TDA
doQ9DUApwt9mrUVwtMxPo7sQh4Vq7vT7VMsOjSGPXTbmQcdDk9gLBRcWLDKVBOeL
wph8kZPW+vyT8HIqwhsQ5YEOjxBWjYRWYlSFG+m7ndOvyvFBcRQ1gz2uBvvo+QJA
PXJZmcF+U/erTjiUYYPvtI+VDvqodZaIjYlC1e00w68VAu1jVlJW0j5dd68abjSN
bQk3hi/11kumQ8wJ9Fmu/Tqa+WuMhfsSx1HU/ZaJXHA1hZ/eX64Oscez3+Dv+Bmz
1AkiwdzATRVDeMbSSrdizlJBn/jL4nDUZ1yi7Fk8GWlCBqIO/YcKldO3mXC+ezlq
js6lQ6sLIUf+lJp996OKGd5AkGTH2s9d9IOuauKG9KeSeBf4sZql70zN4uBkGczS
yZOZ45c/bYRSS/5xifRM1OyUXDhrcTP1UQWeYtO/caJvsb/TwazDNgeHcVt9vIzM
5o64ijQQNADKKRd7jJZ8nsP/rDgRto2evHH4VN0HFGNCFE1xh2PCMIRoYuhqgw8n
mjTuVFWYKe+akwVdPJ2UzOtJJZAHWeNxVriEytEYrjFcp+5PzBfdc8ChJYEDXRrq
Z+9yLUUOBK6TRP0gu1wTxGRCZiOtu/85Pk7aZa0+sKulmrx6jmAHWtz/hHpptrYI
dm7euz1m0Xmmb5A1Q3vMdZtQh8wA7BEwSDbGs76tUXaGNuTlxh8xYcIIDCOTMq3O
wQnZRECkqiBxQajhuQtpmqSHHm53J8r7Ab4rwZSFHCvtZiI2Th3+wD7Fd4z2Lto0
GqTzjyVmwYBY3n55B+f4qutCgwj5cLyHgfilF/6DeOlf6ULnMqWn4p0cOJzFsvIZ
kWRW7ONlIDmeDjvP68rVVvLX/M+rTkJX6TseFl42PqsLGribBfeSqurSV+ty1aaB
6HuJM9lhDDrXYyrOtDxdDXREHeXKD4gmFfmQdP8wJEID3W9bw7jBeD3i8xVDa0VE
I1apv36E3Wsk2qAgRF3WAN7wB1XvSO+5psQ7uaVAWTBbhwhdf3eo8h6v7h/mczwU
15dC8RItbl6iomS5M+v3YDtPw/Auqx5mnR7s1kdDC1Ze6xBoG7ae18HaI58sCvRk
fuNJeJeNPzkXz/ApbBkGwuQGH12lJzSuH8jwDqpQKhd4G1KwqAATJhnvXzaB9ZYp
auSm4xXNBiuYm62kIGex4Cd6BycKV2ya+eJ3A5/fup6Y2iRTfo1vhNZA673VFhj0
/ErmCiZhcL8JwCIadUzxtP9WexHNZYS0iC/4NeMINIAcwrctMJiPmP7ddvszv8Xz
xkhQj0hz1boqcOPQjvWGVpOppMu7UIoNDk2hDqq9TVqXLmx2YxnRMxY1icTDA3Ki
mrDh9BGiTs3Q6ctCWQG7zaEEi0eFbxzTrd7uh7GfOF4R09vrZBrOYAReSSglLUOc
GvI/flEgYTrGy62pmH19KeztMpfc9trSTTWCvwdGdleRZFbs42UgOZ4OO8/rytVW
ShxL60J8f9WPM29M2IVc1RzAHmUppGze5WURQKLEkfN7LnqWc24E0sdkvIbGnj50
uZiZ3S5kjz6iS6FdbMUp28CLyMfH+DZlJSPlRJpKhSf/V0I6A0eA3zj47PZqOWI2
JEVbC78RBDON/5gkaeTARpjZAVIykjQwsx90jaEVwC/s6Cy3ULt0f8rLoyCgCVZV
jU18hxqq3wTYiqQuJSoe3uzWvU4UFJ8N4QlCBNeCcp1smP6WwpDOrUS77wU9/MZ1
3OKOSJAAcXfiG69xiGGLKVqcGGDJQo8h31n//peplIu1Xiv4nSrNm+DJeApIvKhx
D+Pic53e3Vcvm6UwySoYCZU5KY/VNGamdz/6giG5yw6xQrVUyPUP+D0CalopMN6X
+mGp6a8l4ZSHXlotimvRllGYG70+L5v/lTUGf9lXTaboBifGDk2UM/tglQ35Bbxw
mm1jZs2i6zKqR3TpPX3lGygGRP16LbS4IQDdGx95QvkKKgAEKCADKIndjTb809RO
Iq1mcdBaTMKKIX+adHU7Ntd8Fas0gNx/nTIwW4HY6Ao0BuxmpKcqysZgF3ZwTAQ4
8WijgraFKPKTW4dKcTnFwGKLkcXNsTkidh5JXKOU66q4Fpz9VV6NTq34hs/ICsJh
1fQ9XHPnV+CjlaQ5eYtJ1MqHga2cj0uRUS5/2w9c1A/vvdKgOwcYlV4cfqecFNUg
oIa1tHthSjGJNeIfxcN79MhyD0GNx971AG0fl/Po7NZZ2ruk4XizAKFsC8Oylkj4
Ymq325bjuRqcnm0LWg/v5LhgTEu3DnluWXYXudQFyqaXnQdua4IPyeYA3O4+OrXd
fu3qCUQqaKStaoeCW44t8lroQlX6VmRTI7+PLaXcy7MEgx7I+sr83FHE9P3Nnzun
YTg7o3U56mOIaLHWOhtaF53kWUXJ3TREnJz7A4nS1qEZai1sH3wF2WtE5KA7LbON
bFtRthY9fguGfDBURP/YPJ05TJcUn+cJ/lMziuD9uBQq6/emPKUwf3bN+iZPgU4f
qyy8sTd8AlG3pETeIlL+r98jdCJWxmRneKXh+dY8EbIrUz3bo1IG1SlMdZAAL3zZ
tKAKlELjRnqKDIP+POYBlZFZiBm4bnsqI4pd+YUiFCo94OJcVOqrpvrFqzma5Gy7
Rm/uRkTnhy9PWhRg68gpqj4qzmj11CYBwP/NuKuKE7Mu31RQi8YjnPgyqnw7UadA
WLNPPUF6uyKAbj+udmXLNwwcoinVKljP5026T1SwzOLrpLRBOQrirhly8+nlYVpM
L3ntNy+4vK4GBtl++1aOj4PkvuZev6Htw5XsP4NZH1Ddsd/XxOKG2Hl+yhjP2egW
uaCMbekDknSfD1oNpo/3tFBYL42D70kI9uj0Xd8FAvh3qdsZzu96Zah+3fpi6wPJ
2Vk+ilupxYEmrhWMxqjYUSu8SY7th+3F1UHGQCVfnYR6aZjaxHw3uqgayibavNIz
t2QlGs0tADOntZKnOTA70Hy+c3W+MJimfmK8cjdepeoNWNwRzWCN2b7/Jbu0edxx
vByXHJYVUFSQolhCpCJ0TV4RFwLbNCgYeE3eDEKAoTwsiHrm1ye8IUavCf9CTpm4
gktq1HcUVsOmrYdHJKYgmZIdlmv70IITHgPXpbAQExix6NfM35el3fiZGGPiy32R
AcpB779nUkxBvN9xr6O9fz3g4lxU6qum+sWrOZrkbLtGb+5GROeHL09aFGDryCmq
PirOaPXUJgHA/824q4oTsy7fVFCLxiOc+DKqfDtRp0BYs089QXq7IoBuP652Zcs3
DByiKdUqWM/nTbpPVLDM4uuktEE5CuKuGXLz6eVhWkwzeWH5Xl99QOYcuiqF4j1S
MGv6pc64vQFVbpClLmLm9NlZPopbqcWBJq4VjMao2FGEqc9XdT3hgRr+u2hpuq3b
BkZ2F+u7N7LfM6Skjn6hzZIsnX0qeeb/iFnt3Adb/qF8vnN1vjCYpn5ivHI3XqXq
31buOidzluxWfih9hzVT4+T2tB+HiqNIwDixMn8nEnJMUQSKml34bWlmYN2FJ555
Rg/WWFdJkOX4LbufNnYWbKNXqoip+2/QmYM/ZnD9BIlEw8PLqxNeDkFrKZEQOgLq
sAEFzmVJukBBtc/hZ95xsmDim72E4dafja18pg+9Qo9SUZz1Gd5VkH4qO53+VNs1
dBK1NZQYhXaBBbx3FWMbiiZznEMBHMgpDUBcKQkC5aGl5TdC6QdwzNY5mmW9AP/i
kWRW7ONlIDmeDjvP68rVVgu157hSMzuaZBRJUF6cauJNazKuzbMucJTdppFjM6tm
1rJ/hpzp194A4pE9G8K+Ai67UVqLoaDX6aQKcBXuuHFfm0GxkNOUdDrsl0OuDD6Y
CfUF4m/6o0j9YWvyDLo6Fmip/FMPCfdJGE+QGnrcOa0dqP6ZFx5WiuBx6RAVWhLo
mkdKveiP/7I0o0cvmQXLxhGPx/9j3zYILkTRabGF6eBwxeQiBo0gGeTXJmBfp1MN
sR3EE1eqnKggt1Xkd/56ljqhrE11Nws+5kihAemgC2Uj3HDfoUGbNh0ztHzkBCkO
PSuLI0DB87vnoJ74vcCRbT2XEg906bucSHfLootczvOU5nZDffesHznNPiJlnHCv
DGxGfd6JQCaqHP7u83msACK3MtyTzqeqlYn+ayikDUY9RL0zaOSIhIqUVfu7cp0U
Df2D1HNFsF/YdbeNo/koEpCdK/KC911U80jTsydmdiJtuc5RsT+J6UJhRm6HedIZ
WKICR0ujjUqFJnK2F3fDL1oNm7TBZsazvcf4FNRqxw3uc+SWV0KR0wsr3v2/r/3U
ZgWhseJ6m/+9zUnpaYZCASTXy/Zvr+L56Ie+nZ+LBZ4ukf1WOhYd/AxG1ud0y/pI
gDs+0Nn2CkK1Ns+gOxe6o/f/8+xC8TbM4k8tUS2bUHvhBTriP91pd0f/oPbgouQH
GUVQZeR0MicA3NWNRchPreUizdFuc0/tqJvDp2TfWYQf2K1oLOefAIRL104HA934
bRmAH3SMuJ/cQ7WRNP19iPTp6ncdjIsqKR5r6A1aC0yLzxzV+Pc31httxpov6b5R
eTlUFRD5lkNB57Fa7SQfuZuaO5djVb8M0ODm/N8W7OlR3axerEhTN4DUJWAKYJD1
zhS/bQdZNU+IL9Pu2GZk8hPPKVLViGSQ47VCEU/H2weQu3W2BI6cc8Bxq5wYdtNa
rLzmmlgm6ZiLXzC19aHoZRyNytgSppryTyTs+qgyh/HlyxRH8PcRO1MZ9WW5Ac+Q
cBbcAjdNM4Xvg4W36aIpGcxGyonrHE+npLrP4RuvRBBbieBm8Y7Gya/7R4Bh0FPS
VemKe+Hyz18Dx6ixG4fQgKZXsOYDr6cRaRqvmnC0XgIjQ0ik1Ap9nD541LBkiDmD
j5EcZBJ99gwHbrs1sLi/yO2kS512ptOJ7grkKp6Wthyjmj9y99DdYjRPuz6KUa6F
D7UPvqnhYEhyrpE3PdVdZd20++LBYKD8ptZRgNg0fV/loRy1EJiAzmZ0YKOivNNL
rSSgJfIjSWRXsbX61xBGGE6GVQny2irW+q3V67KH2hByeKfAIcS02mCOLwdNFrDH
L/YaovBl2idAvAQvqQqzs3h4/8KixvGvIHgyqmYJd7c43JwiFu9AXIJW1h4GJKT2
3osB2xgQ6xlsBYlH+K74erULBX8uHucORlYMvDTdYg3BiJjLReZyHj+3T4DlJ1h+
Y/vm4DHY3PDAp5zAUgxDKZncC1P0j4JtNMx2YNdF7g/8gYU5HHH1Ht9wgPdQJ65H
YeNHYgXoVu6JAgPd/062YtRC1PYyeCeQOz7d4JdQajgZWP6yMbm1b9Ds/GoPUvXV
oJZBLLzd1EEV+1MwYFBIniae80k5BVuHp4A/6b/LyfeS+3ufBmMQ0epayH3q9k5G
boOYvru6if46zelOj3QgYfYeSremHWxtgdQlMBx/0CvJ++bmUSE405KGG2z/i+KE
+NccOf75G7jIYgys501XBNDZrrRxFDtyLmx8saPMhXoafsELD0dJSlZCVNHhNVY6
wtOXLzQYoyaQGLnBn0bT4FJWhrlqxYQXL7SmNpKTRNbMy0pCAXWz6stNeOO+G2RX
M5lX299IuutAx0VmNPEGou6ec8t7DIjUCDlEHGgRbJ0UJWxAAl51NiOrn4cgIcHH
T/Dhk0tmg4PrL+raAWw1z3W1/SfX2yK191xw7hmtvh6McQDU97fZKMNKoUblPx1m
DE2F+zrhRB4U8nOjEbIsMimaWthfkX7seunt4iu1d9n0SvCNd5PM1kKrHcLhgdw5
8dGt5svP0jRJg4hCrN0zNDJ1NEMPZbw+cXUVIWGAXoZE79HEJR82syx8CDy2nrYK
NdJRd/pxKZraV20N//vceg4RNYH55ftGvn0llnhhTJPjJC7oD7917te0GRivXyBZ
5krVfOfsbMp6Fonj6Y/YpHCej4zT+2i1Uy03rdVXEo+YCbWaxcFB0u5aW3IyKDo3
O5Pm7ki0VZ0fA+TcQbVYKGeh1mSZUrySXF8t5eFxUO55TT95ndEXiLVYdFLmrmX5
4u4w5X7JSqshvbjt2Qrfr6U+shj77AxXKPlYstr0QnIoCtEj1E2W7hfxsTwvU3Pk
PSE4kdTciflaBRY3oBrc8msGNL/5+kn1tpPZymjphOEqa615TeP33G7Ly1KwVZYy
zbEELTBIx7w4RGYKgMXPisddj96f1w6EddfZamNbWQ40eIS9zfRztZRcAHDAXP36
tnu0b+hlGLFcsABfCJK5hHN2w0IFayuefyRFFU5Io1ulUb+6irZHAdp55a4Mau8s
jXUref7WlUffhDZCbBCxzsklsB5lVSzZd1/bDMbSHTNvcWcOvgSjxLrjIJfp+s9i
NNdkzWdpIEXCWnf7BDScW8iFB7lkC00C7BKomgSsBpCLrNmvU3DhKuOZjbeqj/M5
Wuh4hKrgWqTSEo7k9B0UYSUp6qFp2p4hfwDN4GHX4AEACV0U9oWY8Fbs5MqOaDOF
Jd5lV2lJafNuQ7XNozkcruvIZJGxuEwHFMYr792aQTgACV0U9oWY8Fbs5MqOaDOF
xuGWc9nm0vIPPastptUTgOMeyPjPZSNBp4S+rEcUfoubQi0LtCHtD2D03FsRWepy
NCqMFhP+uAaGeV8oDFg0UX6Hb0onhTFuNiEXMUH1sLDHECIggfpJmccMFOoeOsdv
tFYkVQ13ascTXZnZrtSC9cGqqJgKIfwTP9AzRxsxP3n8gim/p7d4PatVZjRELF1h
gG2BzwNyt//4NDvLc75DoQufbyARG7mACmkYH9WUqHD45sApmeBLoFJbZxM9AuWs
ile8ejRb1zRGZyF9grvYpgDIZ3WTNTpnwGWqf8DqvEYhXv1KvYigpCrlbVbSzW0v
X0JWVar+WLVejvqG9NWYMYVi3EK9RKP5hmiTEbh3WyOiHN28bsey/thi7sONjZnn
2p9OvzWdd7RWa+NXV7SKdcjJpHB03SuhPMahzBl8XRbJk5njlz9thFJL/nGJ9EzU
BSg8jvZj6CC4MhgKQcUAO6ZT43IYCibUlJ85iFB7i1UJI1cDgAhZFYYQ4hvHNGsU
0AfQji6YOji+UH211VHWX4GkU+87NVtGxqI7x4bfnz7TTr93aGcR0ALHF4ByX8kH
7embRLKAyqgh7blURvEVegoA+VSrmoZ7aZLoejUsn/axOizCCta6OirrtvR8BiCI
XbnsDZPxMN3z2SHHbhT/X2IIhpaOBz1tjCbUDIESoVuo9XJFMYzA7KWHqpXWX3Wy
O0VePXEQu3Ha8zLKBg8Pr6E3iJ12vfRN4f2iNJyvtqT/CZEWUry3PG4IANLADQQT
Ymq325bjuRqcnm0LWg/v5C3tkaRb/sNfmRtCvkpzmASlFRlq0TieFwZoFYqaP2O6
VjOp8aOEmgonKIK4QLnv64imL8xEeLx/LWZzL05RoNELThZ3Dj/fT2pO9APETBfZ
7NNq33gCp+eTtdpxelc9eDN/d1c2HKK3YdQ5jUVSM73n2hk4i6Favi+ntnac9BQo
Dtf4yFdaRal2N0TW8veYI4Y25OXGHzFhwggMI5Myrc6dOsCPEa0oEKlGnpx5LUg3
Vpr30TqedGI5C2Ujc9ek+2YRPFIvK70Iw6EUS1HITYA6DYsdxVKA4k7/X9+VDbgc
/5b1Sm0ulxJr/i17lWYzcQO8B+hPXMcvM+5NnK+cR4PtZiI2Th3+wD7Fd4z2Lto0
OGPpcgQr5mzF4/cga+88WomkU9zGqZYizG8PPVQTB7s3A8goSSy/xwdBCnlsSQWX
UlGc9RneVZB+Kjud/lTbNQdWp0GQ1d/Y9skTc6I4yrqu4jH8DN19/n7xq76P1+37
im1EzbFRNdB+4txC9euqwA2aAx8/tUfLOFljcwCyAotyWffCQDDuLHvpvW2wWF5z
mtl//A+eRCy8OoYbWHUfoSMk16RVLe/ACWfeEmWYjnsnX7fjNluUisBOaC+o9GCD
N0QSaPi2iITIUHIqHQPp9JOqE7PLgHFuFPgZuhm6VeQ8mWmz/XjTD1y7aOcnqpxX
C6wbT2dnmr/RtAtrpHFiuF20RKFyEbIPCGBw3mCV2xTE6+Xb0XeuiHrpF43qna9Q
X/2l0ZCbq2tAO5vmcWk/nUnToxk2A1Rrb/gIbcSN4yNFy9NRySGcmWdy5tuPat3E
TKOgXYf+iZXW2ctpuu38DigK0SPUTZbuF/GxPC9Tc+Q9ITiR1NyJ+VoFFjegGtzy
awY0v/n6SfW2k9nKaOmE4SprrXlN4/fcbsvLUrBVljIPWql0WSM1If/LZe5l63Hf
r1vNyXKBvToQtGFzhmuZJDnud9CjkfoOg5Xez8N4L1tAInRgxJ9LOAAODH7wT1KL
3otqkuHjKaJJ06+WyH2UnbteO/jfiRZ3i/3dPLvN3yd+aZLYBq11dmBroSYZYHnd
QCJ0YMSfSzgADgx+8E9Si96LapLh4ymiSdOvlsh9lJ27Xjv434kWd4v93Ty7zd8n
BZGAI6sVwGFEldq6le/sdUAidGDEn0s4AA4MfvBPUovei2qS4eMpoknTr5bIfZSd
u147+N+JFneL/d08u83fJxNdLi2SHAxqHKEnwhWLyY9Xh5+yVnA7MZAobFSyl8qS
gVyrP+Zb0dF8w+gXgT7uW1GYOh75GPGHgc1VHgpxBK4N/YPUc0WwX9h1t42j+SgS
RfkdJOL14G+lYc3ZLwwxqtIbz8FDLEbHYHUH7O3+vizFenySydbRP7luLzS+ImuQ
RB2cK0pGZ4NpNeZbuPzKZA6cTOe/RjrDUlbCwu34aF7R+A9TRr5zW3LZ8zAags8a
a8YqG3+nZ3bbjf07WW0qe1n+JqJjp/qx9UPM5MOmOHwszfbOgmz5xo+YIoZsJkUJ
PeDiXFTqq6b6xas5muRsu8d4982B0laXG6Vd1ZUFBrv7+w5gpIgE9NI2cYNA0kcY
KvTUk2aeyqTUeoz9T9MeR3cPR1ixod/j7Y9QA6P6cf7WAZC5q0aUsnWQ7jkuQlaH
WWVUibxM/THvFcmiKo3IkSPod1mbDFsPxvwtvQexKYNKFj92ABlBZsErLm/VCGaL
WIQEyYOfwqYeyGN/wNfI6Mb96p1ia5X2jg2amtYh3VBdcfFA+RoV4V7TdILlYQB0
ShY/dgAZQWbBKy5v1Qhmi1Mt/0OexcQ/MNnODHGVrFNXUYPU6Q+jFcHPVD6TMARV
0lEnX3ftc/DDp1qV0Vs+S4on9wGZxcDfcTIzVTc5Dtdl2QdAGmV0PElxAobUzHdD
tnu0b+hlGLFcsABfCJK5hHN2w0IFayuefyRFFU5Io1s4PeyDksKZa0+QD131LVqF
iU+3ajFX9ZwsxiDlM+eCdLZ7tG/oZRixXLAAXwiSuYRzdsNCBWsrnn8kRRVOSKNb
TntsXdR1gWn1Z3UcWeZ10feylZW+Up8dLDcBjtN/oigQn+QPmE8m649wtC63Nz7v
SwxC4Wk4xZqx4Q/5+0ygkYylNp4/Z5Kwlb7PhiKy0c1Oa+TczpFf4/ZvigAqDhHk
usaYW58QHhUFIDks3BCHNn8lhbh0pz9SsM72zTFXG5hMb7aAxS4VMmXaRkM2Is97
4fLM2e2gY+UeeBKxqHugrqVH2pg6p75nZdoymlAbCcjdZMAExmcJnys8yijBPpwE
4v0azIs/ZVC708pwIf9+MyTXy/Zvr+L56Ie+nZ+LBZ4ukf1WOhYd/AxG1ud0y/pI
gDs+0Nn2CkK1Ns+gOxe6o+A8nzbR/ZTL+OMGxtYSPeCauvVj+RClZMoP2flylDq5
6982/+U8jrk6HtBVoIEWHbmj6sZMk1H79ibLeyF6GquYdyuWH7RiNciEKiCIXf2b
vwW+MSUwNJG7GuX0+MZqcOvfNv/lPI65Oh7QVaCBFh0gua2NYLGj4mWbYFlzWif+
jnAK5r7+prfXV+wMlGvLuVlH6K2/JZI0ZT1VWDGnUcC9FB0N89BYdDAXqydlgYky
kiViL4ds7enZIcPo7Tqms1iEBMmDn8KmHshjf8DXyOjG/eqdYmuV9o4NmprWId1Q
XXHxQPkaFeFe03SC5WEAdI1DZyhUaQxQokHIgTHzlH9YhATJg5/Cph7IY3/A18jo
xv3qnWJrlfaODZqa1iHdUOKSjohQBNE2gF8752WfMM/0VGVPsdQMaN+16R0PYPBH
Xx6gDOshRVoIkUIckUvtAMveVVGr1AZzgxO+vsxwUTctprcutgOxvPTMDZHVvjOr
WyDulzmb3LgGzqipWUYaEA5ORJwFungRzZ5SwOjtxH2Ug0xWo1MG5b2GlnBHmib+
vsBWjQwNos+d8WaFWxtKpkSpPpwDtEuBcSPb4HMfqN75QmOlCUpwIGVyM0yzn0Ap
lg3899vBI8giY9WKjJMhOOtOE4kAy8fBcf1PICgwQnSYeaGz+E9VXqpE4OMR6Ic7
WvaJYS1ZMfs1r3ChRKGa41HAvbXJ+y2YUAn95WOlU3DeaWmIFhnEuH0gssBeU0Z0
huZefwGmLdaFgbZdIxhgO5vuxxqAL3iT6/QbObHWQmqfNpcTNYGEKjT4e7qZTPFv
z+DS6ujAe7Yo+QgBkZ0GFfB+EfWYuq2T3dQ3YT3S6pS4MYwugc+jrbeJ1Lt5VHiM
qISqlIRdzhPURCMC2YQyE5Mw9vRzPULAmQvtVoTTAPq91crWianqNX0V3FRIWQBR
K5gw892aWKwY9LdwjcdYG3Ynu0uUOqONMTQCUznNMwpBS52gbZ4k4yKwVU4rXwzm
DBvY0uiN9AlIuXv2AtxP4ALgm1sJZAdZbvVW6iMCJkiFHZ9wC741Iw1f91V9uFoH
AmTuQFGB5Ukp5Jvphi+xQ4WfAXRw8BS0H7G/1ds7LOJoH7XbDGRVG7CUVOaTUoCB
bppn+uTfqFsI43zfbsbX9BiuczIGNudB/2U7UwOgMzMatNccD966dGP9HgnxSd5p
n4gF33+R2ADdE7POHKQ8FkliHrDuOh1N1abCCmN9Qds/SnyB7RzBrqR97Uq2QTRL
3xRe5hdjNhgQBXwG1lcZShp+wQsPR0lKVkJU0eE1VjqybX797kAQluLY+7FySVtV
uIGBebacmtYtMB7BjIDiY5SDe0f/Ea1Oy8b6vw9DBJtP8OGTS2aDg+sv6toBbDXP
lFeDBpzextTPxaHcgUjKOFvRZ/HdvfDWbL167C6KAaQj9X4DLcQGkCYg3AsFpcZg
/IGFORxx9R7fcID3UCeuRxq5f7lxDg17QGNIMoKu//sDtgfTXw1zcNeHhSm/wR2A
ZGzXmKLT6XcAe4rPkrmC/LldAmFtyuREhk2enHSHfOBRASaKapJKqGQtLZqdb3zZ
sAOfhuPogtwM7wVC7xlJBx0U5tp8vZY5w8Kjwlstlka8wc6GV9wPMlCBvMK2hvxP
VyGGiyOV1J2LxRrQzX66GvM9lDZTGeprgz+XvwbImpc/oaP6Emk17FOBBQ1xQomL
1ifJACSeJ9ZeNY3BX34E+xg8G9TAoRirQem23g4jxrpVkYUYakr1KfJQVzXm5rN3
bSaNPnJu94S4KNTh5uYxn5cU+KcoHSLdLSwSRQdb5utq0SMNPwXewqaPaP7+Bo5h
ymLOyEkj8m3TdZGDkKyNQBkdq/fC1+YjWMm6yh6zb7u9n4JasMs9+PfQDBxsP3gV
xw9NktcqvuBYhXH5M3Mr9siIrBi6VAoAIovTlvVCE/WXO7AK3VvNXdAzT2G5QJF5
rg5yOyTfWglAJND4PYacybn3vy7DQ7eYuG+De1F48yYW0v2C/ehnjLqn1X0oT6S9
eEh3CXkGhVc+2SVGOyaDG888SSKVJd1KEVb1CJwkszEYPOIoUWz61oZ0sJt0hRNU
dKTgItyL+s2w8v8HQfvtZR0AX4g2wUTaCRIrmYrYSOGQ4ZY1xJGmA1PlRQLI02yZ
o27YgCAFNIR8nmPTaVVL0yfiP7NpoSyzvDPYIZ6RcfTOEt5oYal88FGV5+rRN/hX
28iKLiCEZPlqFQJ1NSAPBNuVbqs9xC+QrDFh8AGIP9qDAf38lDnqAbbWXZNryqBo
28MSlk6AD6yHS8I0lAH85d86gX9CGc3CWjYlCLxFD1vas9fu99yBkRfRepLCGJJJ
4mzQ1Q7H+vH/9/CWpIqRPNtEHAOqxV5cGdyHFrQpiGW0yVdZqGqAy4j4H0PboNYv
iltrmBq1Rpklv7NjK0S7Fa2PLmpcIbUedPG1ygc5soFwSfh9D3PkyoCJP5JRLEpZ
raFSy2La0X9SKa0cegSeJFiVWNsJYlYPzXRsSxvk3ugvFCBYmDqXcW7aubwKCg1c
4J6Y/cxR3pjXzkhS5znwgYnhgMr7QtidmYXj6WO5TAl7Ik/JKv3cU0viiLvWaylM
ClKHyj9tU67szWAbuJGoFZVHFLdGD9ZAK5uhSjUaHrwXPJClKN/tP94Zk7uzVqvr
dM1CdhCEXeteft+s2Qva1ZhxqBJB5AVVKE/dP3fswYHm390Ir4usoHg91GDil67u
CUcoWA+KGCBjG7HpslDkJvpMQth/jPltG/Y24m/rl2gxDWewcusjbTSfNqQoX1l7
xAAB6FKa5wYE+Y2ezcUX0YKvrwlkDDZuhdoV2x3BYaMUOUEDehidMV+LNuGpmVvK
b8FUkyEHy2P5TcO9p9VsfVwpnnKLgfpYXjy4SO6o0V9s0w8omF8/NQr7W1NBMLiB
0cM7+ziNDBKcMtiBx8bKI4NSt0STFm3iBdNb0uxCOEWqAit1Lrhmn62UZevpqzJc
WEsNSZHUkqUAOiBip6l7VetjJRxwEplXY5vxPBpWJ+fLbDUIjD9I3rNsMXW8r5Pb
Rw1UKttyO10cxqztmYVp9g2aAx8/tUfLOFljcwCyAot/qRQocAe9Jscr2l7kjg7W
VfyQrHJDE8z+Nv26XdXCW0YeVSw2YsbpT1TLbFOw+WokfUTEBQRK4Y+5lZNAjSs/
731NS4tkov/x86Aoqa4CfqNLt5NM7BI7osNlvNMLKhZaw1rXVOKZ7VM1zFd7Mee+
HXui1qipRPvE2jAPjUDHs3LVFNr0NMGGun7xACPPfuJ4/q4Zri3beihLypdwqLVF
fou1D1UXwYHIyt51cWBAPNlXv3ZPQmROui6zDAs+H07TzOkbGDSiETTHWz6eHGJW
/L51YA/3j2gPW4axT4FTQx0grouHLNFZtnkDuV/+6Yo6Ve5a+Cw8foeJ3HTbqsBX
vCXyIUPcV+6I1fclNBA0J1JFjggwIztr1IPpCUJrML8sf8w/zYK1REQSs6EUzjRP
Uumvge1+0e/iOeXuJ9u+j/9oU8xFbhx29Rr1ASUD4Zs4Uz43TlCsyi24aYQokO9q
/fn7+gH8s+PZC2xDBUmiOi6cjQ21RaNgmw5YOmbeuM8tSqyiZFIsmTEFHjyVC4sc
YZ5+oGBWXHKJzV3Ka4NetPoAiq+Ri7B7cp0DWRCPwwl6nwPJuDVSijutzvo/NN1n
NokYOdPR096kHmSyJ8Y4S+FcxZL0MhHcOexeeEyV8Udaw1rXVOKZ7VM1zFd7Mee+
hkqGIS0aZATdrZuUzN8aEHx5DxgrzzXnMsKHXMBrEAhlu6maqFv/Iwjm8rqfDhOi
6NRz9F9w96AcwYYfC9TRXXXWVG27zK9ayFZAuiGVi5Olb34KJbu9gE/i6lDnJXg+
qym0vJ4fap0Ppgao4s0BGMMx0oE8YQSfaxdjbA8uOC6oA4q6nHIUHpf37uxSud/G
8CydYboWirEjlEUseVGyu56W0q6jmOTVvoeeizPRLH72tmRR1lLu0C/wqMCedTpH
GraWQjl2UZ9fpUf1eAk8Gubanhonpa16b/zfpIEu5timlchh6aBQ+mM2+N8kKZp1
NLsUucSu9vpU89n5xZD+SE6YlRvE2CibbdsnjlGimXCELiawmaMoVL5ohaBtGwIo
S7VP4zHhDrU/p74T00SJCm4DzkAWEzyk0ZdDuGKnXUcvnGNXUyIVPnqx9IPlTLh1
EzdGnEz4oDgEh9/cPeMJiwMD6Ms9on2t9KQmvxqV5NrvQfrzu4s/8MTvKbBBonIv
fMaUn+AHSf+2LGdMa6mbUTQKduoxL+O/uhtzSTJhSzWxp4izT2gmGt8Bghl9XE1V
REsODdOUZdsLd4EQEzNrwoRzOGztC6+gTJ5lPyd6AHYOSVsj20G3xu1kiytqWNwa
Rg/WWFdJkOX4LbufNnYWbMDOswZWtmDtoUpBIQddF+tWiIwQG5K0jfWa0WiEEf+L
pR2eR202B51BEaW8YT6wjep1RLkrKUuCV8Kp8YxckBqGwewDFL8PyQeUSVRr6X1+
/4TI71wi2Q8YhBOdTRIGqyx5bAfaQeenQInWGTr4U4WQYQsfG1XYpVBf0ShpxNPX
s+2ovCKsBO2/chlZiN81+5lZ0DpBYXjiGaH9uy1Yym/jI1Gz+OyC63e+tHJky8Yk
xb1m/oQ5DsT+pKqzfJ53nG2JJHmquldxrfdEnFBFcvMEmXn93qkfn14zQ/HTpNl8
hefc/FJZujX+aDdl6ZZDR/SaAeLKjLkQGjAy6zT8mlABaVE3JTzmNUEXck3RpiaL
Dau9GgRiqdBnYM7a8rB1g3kPlKRN7wguJUwlvjL1yFb7lm+9LAnZl7/1cJ2HLTLU
dKbLyOwhCtwZqLB/3XtB0VTbfjIIcDhemBhIEw37Yln7lm+9LAnZl7/1cJ2HLTLU
x6/lFVibiBAgLJ28WNXS3WbQMZ/yFGqZszJLBimXCZR0zlse79/42/jOzFlHF6dM
TE4AXaKig7QbBC1Ux/HAayD/26syjeV6zLXSKZfxnWF/qmaaNDd0Ard1NmjgunxP
UgFMPrhbKarHLf1e+1FWvsBYMtnIIUfiipCxmk5oinsMUJM0ApAW6MZx4o7NMKnW
So+YsgK9BmfE/1bs4W8GPtJbyd1u3H6D96pWqZdAAt/UICGX9mNd3Mcf6xji6Bny
Fx1ly92hBVRKJhiIr1QzbF2NBp5RN+OFcO89oEzxL+X4l6lPd0BowXhmZIcT+I2P
DmKKzSaq8gJZVnv+XGTBcQIUlFxQ6eaFem0U0Jej3iG8VPMnNSCd18CByWl2DXPo
Rg/WWFdJkOX4LbufNnYWbE9LCIaEMDRaHoTLMn8kDAcLH+T1O07mjLjqQevbEDfY
2qQ3TBPVbp0uSRhGy5xU86AeZ/fb9O7OQI3UJMIHFShGD9ZYV0mQ5fgtu582dhZs
fxyo9ABsYJIVjQXtEo9sSITYoZTIlfG8iA6xebh/rEOoiTixeGrkelPRcV80eD1j
3x1bDEzBcTJvq3xaHHsjuMNdT6scbf4nJzt2M3/7l3/u/BCJeFhldwyxq3nNrAex
rrOpdena/KINIcLlAG7wSN7irOLbawVFEVaLrbTjzFLTVkEW4quVmGaHkMl8fq8L
brkMPZEVZVVSsb65UfXyNBkxKjiEpn9jB7GeWLruSaVB/HLQVKINyZwSDK84IuuQ
4l0uhaf05ovtMsHo5wD3c5sdVByS/DXrUEpkRFa8V3RnKCZQmjsEVriXKf9lrFmq
SDcnGqwGqstK+6ZCYR/RFEzB/s2Y5VVcOzKHsgIayj4rVqg/CSWMi0yuTc1euOgc
bTe0m+uhXoi46Fw/X9aPwdGXRhgGKUu7Tyc79ESxFm84impOlPt5QIX9CEFnXvz6
3yeLP/wkxmFc2YcvaQQeVmHYnUQFUYXvfIuKwkn4gcR7wkUmWLjNmSTJIdc30Kox
ztQmcoOPBT10+C2+v4Z3TEVqMm6eYDxsdraUi7NGLc2k0bRJXuYoIzj/5bBc7gYU
7Xs0tGFPQ/I9XN9RnbsuTbMP6iVuB/9IAu4c69eQVGrSul/kVHRaaVVjHFpl7SFW
6XcV0mfihQpnpOQmmhv+n2gykXdAv4oBByS+P3nQdKGqoIM+WQUaC8U7QdlVxwQY
SmlqkxmGDgdJiDOSEOHWZtc6PJq4Jp4VOsSwt88dlXcsrJ7kGKscU3279qOdWRC1
t7b7tYgszbQkuwxZGXtT6JO5A/yXtrFj9daMHWnpG3J9KVjgJ9nbT49Y64wCnwxA
aNNjjhRLzWBpmkY9mmBgkGwVwopU2YvpClL3DKFCV+SxgB4M5fsFzduaZD1tPku8
Px2rJ85SLHYpvu3V9FWtQ7NcLgEEwnRVYo6FsPnAgrcXxOFiIPuNpAlzG+N7Ixx9
UQziyjyWOgRaNrmeDeqP62OEbrNeffoumSYdo2nElBjobtKTvkBpY2hJPpMEWC9z
WI2QL5Iu7B+teIA4rrspjX/XebSw5yAbWuOF9wYcXPZq89DIewf0xe+iIrwWPE+B
F6DDyz/JrGmCqiY2K/P4XAaIw30gw9RclS8Yza+94IVTGz4l8fb291m7fxGP4Kfy
G9a8lBsua6Zyd06siS+Aypbpw1epWvdssSoEejNNjL4I/eSjJfV5LYJlii/ATD+X
ajqQzdGZOawFYpxsGhuLRxUoGq2lk6yXViQJ3Ap9RaVzRVkqWF7HpCEFJCoy2nA2
Z+0H1Hv4kxLu6fexhrrd7r4zhrz4uJwtOhTWC4v7T/EZhfuuD+lMYV/6vGM1ABA6
rqeaBvo2O0KBWvsbK1JgNwDVBLcvv7vkhxjJvh0iM0KBO0W2SfKRR86o4coe4Gv1
7u/4Le+KKsSs3eWJn4MMGM1beN1Y6jaIoSDwOSHb9vp9zOnlvOxXDQx2NlwJYX5h
+4cIurxWEm4ooU5jreLYn9WsO26MnD2HPEudLx0RjN4zeyBC92lBQ4zx5u8uaurK
iWHLgGDfsCMzS53Ab5hssCgK0SPUTZbuF/GxPC9Tc+Q9ITiR1NyJ+VoFFjegGtzy
awY0v/n6SfW2k9nKaOmE4SprrXlN4/fcbsvLUrBVljLnwW1OyXmnw31eQVc3syD6
B7nbHNqObKKO1+EEN8bktNQWnnofopABKAMV/4Ymh75GYW+jNqbq1t8vBPQKfae1
bAd4mJM+k7ebCUZ26adpaiY0bTsAtpsWGsNgNaN8pjGT7VH/1yfM6x+YDeEVr9Vt
59o8L4oT6Pw9KI+MkRlBSMvLoP1VsSNOTm7ZzXeqxAKmgguXg1B/302JwEmUEHU/
aTSWhGFzcC0aq4RpdFqIg/vd6leT9JwWIUX99rcxs6JoR7/okPPmoaEs5VjMQ4KI
aZRRnGVL8C79xF3Xj8LNq8fYBPw2xQyajlVMvPR59F0dt0pQJHHHyyIXO9m2V1tY
Tibo6PAaCQAZQ3LJn6yOiuSIBYmzvBUC7a45LlaC3FDc/bdqSrT+FjVs0PNwLIsh
Zkw5jkAYrDKZvd7BTSFV7t2bNb3EOD4iQ/CggCXMKTR9ed5oeksEfRfQ9VyQk6wU
jVqrlXI/uhO4Q+LLJ68rquCnFi2mQl71PEqKvD+mAviVJGXqxgglaXdMD3E7fvaV
A3hbyo1iViqFQSdOXPMOcs/iYV2911iu8BCVti9G8TAoPOxskR0U5xA9oxprFt3b
yNbCm8EC/AKsRRieVI9TXVMpyHZzepVNyxRK2Ps8oHLMUQNyvj6W91nVtbzFhDTJ
uoM43DpHUYDi0xDJO1LgExDZ+MsNlh5xSFJKJfqE4AitCe/a8OusPcoQnrrPjvVk
29HsvoFi9kfrozAfnsJD75jEEi0BdOzxvN9aOjq830cYeL8Glqw4MtOFfZKuvNGb
jd/gtqR7vjDOVml/58iVoP/+7N8knno6K8RizzcYGvZ9SdGCHoOdQG0hpv5VkWqS
SJUQ5nu2FKceWiLYB4L9i/4YJsDtP11KeFWOkle8biMTt+z/u8ROum4jT9L5UWTO
Daz76hnaLTb2SPlz5wiBWAst2xquUYH6S436iPPwryi8vlB+q+DyreRd7Ct9NIcZ
R575wYgWz0O9UV8dPUmDsTDOsraxJCMfODREIkuKFs7wbx3RUu5HX0LjGxoL8Cw7
gVHxyU97x2WY2Jsp9XuEo6Ep9oKSs1hR5FlNc7nTCGJ6kPGt1LE0tJipyKRLtp6T
YuCuycB94Y5EUSPqkzAVwQ4R6xf1FyArC4Ja9wvdH9hk5tafYcFurNsemjCY76jn
jnXecuSfILBN/M2KH9I/aGlJMMMfeQcTc8PK0m9Tbs2QOO/l8+r+xKqg3DYAZGs8
ArBykrpR0eH6amJUylkwtOslf1TlSdTyp6844dJVHDVhTabJHqeD8Bg8gLVGHNVF
9V6bfARlM6/uuIHOTnzScelvtMKpIjF6RH6skoymosGLqXDprC9S9yhP04xtsnl9
fu2uNgbrOQUduaFy4fsMI8OnrRZ3j5NftuEapcs08dp+7a42Bus5BR25oXLh+wwj
sA+aJCsl/dt66Gs6qfXQV+w1HoRa3SSJ055D99N7nyjmHiyoA0d7LxCzSQxLoqfl
yiVvYdA2I4DbEZg+F4jq1MKEyZIV6eDUh8iKudq/L2edoZgp9p9/ZDi6sOM9Wf5h
6cSDu1K19i4fP0Um739045NI3K+nzjHitGeiEYU3k+675CxjXD3YHra2RA5cj0ZA
5u3oTB7iJUWLDT24SIb0XyBM6SS+871fDq6Jw/oTIGKzPotYUZCf5SDaYWbGfJAT
IIkgWucQ83mlr0AJuxdEozPbHsHr2gF4pv2ztMOmWNNKw7K3v942AYJOgsUDPAQT
QcWmKD1VPAaqDRAgC7EEWdblBbQl3cbkXYBeP6AKSACN46DsZ+LkzXAjS7e5DUO+
EHKAPkklBiWfebEy8B4acZAtjfVQZOxATztQlzTLrMWbfjC2jXPEvjs6y+3N4M7Y
m5a9z7H9bx4Ir+W2aYqFXMSzeOK/ND7oopOhbwmChHpKZ8vRFndSa/iowh7JBH32
aecNDs93aB4/qO441jrsyYBz9argIy6n7EwRy3hN+EpIN1A/0wPZxyuE4DjzhY7w
KOfvUYYXd2D+9cGdzHwfB+VQaFhtGOwBI7B6imCdTKbVq3TyBDnLU+Gd+GejWZe4
2j1gAXs2f9KWo5qs/yIgzOVQaFhtGOwBI7B6imCdTKY8tpJ5j/tri84FzWi2VEcg
Tk92mlDlLiD0m/SM0FS5xoBz9argIy6n7EwRy3hN+ErDvIWL2aZTFqfE+JB1blgf
nldRuJOjWUoUGJJb0chJCmGWYB/ihvjIt/GS0UDTXLQlDetQqyRCtGusWd7I+1nW
ALuZ+yQ+qqwXwj1epB5R7LF3vITfl2+l4k78kx2TwYJP8OGTS2aDg+sv6toBbDXP
ALuZ+yQ+qqwXwj1epB5R7LF3vITfl2+l4k78kx2TwYIMG9jS6I30CUi5e/YC3E/g
6nrgEF0y0aJ+YaAIXaki3XtWSJz+BLAZ9xywWCxC97R2zb4lc4F1/uA3xH28ew4D
yxs8hPbkskG7gRPjg4fb11FiV7QiIc+oxAvESunGdnwCu0GA6Il3m3I5OszzL2G/
vNj/TS0MON6IIS2W4pBIs1nw+EQLDRnDeh2hT+mkabStoxFDKoF+T1BspWb5JpVs
iICnqWOwu+qpalYTy30oKLtrc3lqJHK4JW0R+affqOSl36f0yEH64zzc+Zp44X8v
FwjnQhantHuQaypb2c2me8QQ9YJWc2iCaQQYEa89+bKwFhlSO+Csk8jSDCLMZnjD
AkDa1HsPDQPjsReE8lOHhA==
